{"numTotalTestSuites":474,"numPassedTestSuites":474,"numFailedTestSuites":0,"numPendingTestSuites":0,"numTotalTests":1307,"numPassedTests":1307,"numFailedTests":0,"numPendingTests":0,"numTodoTests":0,"snapshot":{"added":0,"failure":false,"filesAdded":0,"filesRemoved":0,"filesRemovedList":[],"filesUnmatched":0,"filesUpdated":0,"matched":0,"total":0,"unchecked":0,"uncheckedKeysByFile":[],"unmatched":0,"updated":0,"didUpdate":false},"startTime":1773581705987,"success":true,"testResults":[{"assertionResults":[{"ancestorTitles":["Context Editing Integration","context_management parameter syntax"],"fullName":"Context Editing Integration context_management parameter syntax should accept context_management with clear_tool_uses_20250919","status":"passed","title":"should accept context_management with clear_tool_uses_20250919","duration":0.10233300000072632,"failureMessages":[],"meta":{}},{"ancestorTitles":["Context Editing Integration","context_management parameter syntax"],"fullName":"Context Editing Integration context_management parameter syntax should accept full configuration options for tool clearing","status":"passed","title":"should accept full configuration options for tool clearing","duration":0.04991599999993923,"failureMessages":[],"meta":{}},{"ancestorTitles":["Context Editing Integration","clear_thinking_20251015 strategy"],"fullName":"Context Editing Integration clear_thinking_20251015 strategy should accept thinking block clearing strategy","status":"passed","title":"should accept thinking block clearing strategy","duration":0.04574999999931606,"failureMessages":[],"meta":{}},{"ancestorTitles":["Context Editing Integration","clear_thinking_20251015 strategy"],"fullName":"Context Editing Integration clear_thinking_20251015 strategy should accept keep: \"all\" for thinking blocks","status":"passed","title":"should accept keep: \"all\" for thinking blocks","duration":0.03241700000035053,"failureMessages":[],"meta":{}},{"ancestorTitles":["Context Editing Integration","combining strategies"],"fullName":"Context Editing Integration combining strategies should accept both thinking and tool clearing (thinking first)","status":"passed","title":"should accept both thinking and tool clearing (thinking first)","duration":0.048584000000118976,"failureMessages":[],"meta":{}},{"ancestorTitles":["Context Editing Integration","beta header requirement"],"fullName":"Context Editing Integration beta header requirement should require the correct beta header","status":"passed","title":"should require the correct beta header","duration":0.023083000000042375,"failureMessages":[],"meta":{}},{"ancestorTitles":["Context Editing Integration","response format"],"fullName":"Context Editing Integration response format should return context_management in response when edits applied","status":"passed","title":"should return context_management in response when edits applied","duration":0.037374999999883585,"failureMessages":[],"meta":{}},{"ancestorTitles":["Context Editing Integration","trigger by tool_uses"],"fullName":"Context Editing Integration trigger by tool_uses should accept trigger by tool_uses count","status":"passed","title":"should accept trigger by tool_uses count","duration":0.03395899999941321,"failureMessages":[],"meta":{}},{"ancestorTitles":["Context Editing Types"],"fullName":"Context Editing Types should have correct type definitions","status":"passed","title":"should have correct type definitions","duration":0.06700000000000728,"failureMessages":[],"meta":{}}],"startTime":1773581713234,"endTime":1773581713235.067,"status":"passed","message":"","name":"/Users/suas/work/orchestrat0r/claude-orchestrator/src/main/api/context-editing.integration.spec.ts"},{"assertionResults":[{"ancestorTitles":["Prompt Caching Integration","cache_control syntax verification"],"fullName":"Prompt Caching Integration cache_control syntax verification should accept cache_control: { type: \"ephemeral\" }","status":"passed","title":"should accept cache_control: { type: \"ephemeral\" }","duration":0.14495799999986048,"failureMessages":[],"meta":{}},{"ancestorTitles":["Prompt Caching Integration","cache_control syntax verification"],"fullName":"Prompt Caching Integration cache_control syntax verification should support ttl option for 1-hour cache","status":"passed","title":"should support ttl option for 1-hour cache","duration":0.059333000000151515,"failureMessages":[],"meta":{}},{"ancestorTitles":["Prompt Caching Integration","cache hit detection"],"fullName":"Prompt Caching Integration cache hit detection should show cache read on subsequent identical requests","status":"passed","title":"should show cache read on subsequent identical requests","duration":0.23887500000000728,"failureMessages":[],"meta":{}},{"ancestorTitles":["Prompt Caching Integration","usage metrics calculation"],"fullName":"Prompt Caching Integration usage metrics calculation should calculate cache performance metrics correctly","status":"passed","title":"should calculate cache performance metrics correctly","duration":0.07083300000067538,"failureMessages":[],"meta":{}},{"ancestorTitles":["Prompt Caching Integration","usage metrics calculation"],"fullName":"Prompt Caching Integration usage metrics calculation should handle first request with no cache","status":"passed","title":"should handle first request with no cache","duration":0.03845900000032998,"failureMessages":[],"meta":{}},{"ancestorTitles":["Prompt Caching Integration","multiple cache breakpoints"],"fullName":"Prompt Caching Integration multiple cache breakpoints should support up to 4 cache breakpoints","status":"passed","title":"should support up to 4 cache breakpoints","duration":0.08149999999932334,"failureMessages":[],"meta":{}},{"ancestorTitles":["Prompt Caching Integration","caching in tools"],"fullName":"Prompt Caching Integration caching in tools should cache tool definitions","status":"passed","title":"should cache tool definitions","duration":0.06883300000026793,"failureMessages":[],"meta":{}}],"startTime":1773581713078,"endTime":1773581713078.2388,"status":"passed","message":"","name":"/Users/suas/work/orchestrat0r/claude-orchestrator/src/main/api/prompt-cache.integration.spec.ts"},{"assertionResults":[{"ancestorTitles":["CompactionCoordinator strategy selection"],"fullName":"CompactionCoordinator strategy selection uses native compaction when supported and successful","status":"passed","title":"uses native compaction when supported and successful","duration":0.3322909999997137,"failureMessages":[],"meta":{}},{"ancestorTitles":["CompactionCoordinator strategy selection"],"fullName":"CompactionCoordinator strategy selection uses restart-with-summary when native compaction is not supported","status":"passed","title":"uses restart-with-summary when native compaction is not supported","duration":0.12462499999946886,"failureMessages":[],"meta":{}},{"ancestorTitles":["CompactionCoordinator strategy selection"],"fullName":"CompactionCoordinator strategy selection falls back to restart-with-summary when native compaction fails","status":"passed","title":"falls back to restart-with-summary when native compaction fails","duration":0.11162499999954889,"failureMessages":[],"meta":{}}],"startTime":1773581713332,"endTime":1773581713333.1245,"status":"passed","message":"","name":"/Users/suas/work/orchestrat0r/claude-orchestrator/src/main/context/compaction-coordinator.spec.ts"},{"assertionResults":[{"ancestorTitles":["HistoryManager"],"fullName":"HistoryManager creates a safety backup before clearing conversation history","status":"passed","title":"creates a safety backup before clearing conversation history","duration":10.893624999999702,"failureMessages":[],"meta":{}},{"ancestorTitles":["HistoryManager"],"fullName":"HistoryManager archives a history entry without deleting the conversation file","status":"passed","title":"archives a history entry without deleting the conversation file","duration":3.607875000000604,"failureMessages":[],"meta":{}},{"ancestorTitles":["HistoryManager"],"fullName":"HistoryManager upserts history by stable thread identity when a restored session falls back to a new CLI session","status":"passed","title":"upserts history by stable thread identity when a restored session falls back to a new CLI session","duration":3.658291000000645,"failureMessages":[],"meta":{}},{"ancestorTitles":["HistoryManager"],"fullName":"HistoryManager deduplicates legacy history entries by session identity on load","status":"passed","title":"deduplicates legacy history entries by session identity on load","duration":3.6673749999999927,"failureMessages":[],"meta":{}}],"startTime":1773581712094,"endTime":1773581712115.6675,"status":"passed","message":"","name":"/Users/suas/work/orchestrat0r/claude-orchestrator/src/main/history/history-manager.spec.ts"},{"assertionResults":[{"ancestorTitles":["EnhancedHookExecutor security"],"fullName":"EnhancedHookExecutor security blocks shell metacharacters when allowShell is false","status":"passed","title":"blocks shell metacharacters when allowShell is false","duration":0.29591700000037235,"failureMessages":[],"meta":{}},{"ancestorTitles":["EnhancedHookExecutor security"],"fullName":"EnhancedHookExecutor security blocks script execution when allowScript is false","status":"passed","title":"blocks script execution when allowScript is false","duration":0.0842079999993075,"failureMessages":[],"meta":{}},{"ancestorTitles":["EnhancedHookExecutor security"],"fullName":"EnhancedHookExecutor security enforces executable allowlist when provided","status":"passed","title":"enforces executable allowlist when provided","duration":0.2258750000000873,"failureMessages":[],"meta":{}}],"startTime":1773581713067,"endTime":1773581713068.2258,"status":"passed","message":"","name":"/Users/suas/work/orchestrat0r/claude-orchestrator/src/main/hooks/enhanced-hook-executor.spec.ts"},{"assertionResults":[{"ancestorTitles":["BM25Search","search"],"fullName":"BM25Search search should return empty results for empty query","status":"passed","title":"should return empty results for empty query","duration":2.4435419999999795,"failureMessages":[],"meta":{}},{"ancestorTitles":["BM25Search","search"],"fullName":"BM25Search search should return empty results for whitespace-only query","status":"passed","title":"should return empty results for whitespace-only query","duration":0.794290999999248,"failureMessages":[],"meta":{}},{"ancestorTitles":["BM25Search","search"],"fullName":"BM25Search search should build FTS query from search terms","status":"passed","title":"should build FTS query from search terms","duration":0.6460419999993974,"failureMessages":[],"meta":{}},{"ancestorTitles":["BM25Search","search"],"fullName":"BM25Search search should apply file pattern filters with GLOB","status":"passed","title":"should apply file pattern filters with GLOB","duration":0.5489580000003116,"failureMessages":[],"meta":{}},{"ancestorTitles":["BM25Search","search"],"fullName":"BM25Search search should map database rows to BM25SearchResult","status":"passed","title":"should map database rows to BM25SearchResult","duration":0.6016250000002401,"failureMessages":[],"meta":{}},{"ancestorTitles":["BM25Search","search"],"fullName":"BM25Search search should use default limit and offset","status":"passed","title":"should use default limit and offset","duration":0.583332999999584,"failureMessages":[],"meta":{}},{"ancestorTitles":["BM25Search","search"],"fullName":"BM25Search search should boost symbols when enabled","status":"passed","title":"should boost symbols when enabled","duration":1.31829099999959,"failureMessages":[],"meta":{}},{"ancestorTitles":["BM25Search","search"],"fullName":"BM25Search search should use equal weights when boost disabled","status":"passed","title":"should use equal weights when boost disabled","duration":0.651042000000416,"failureMessages":[],"meta":{}},{"ancestorTitles":["BM25Search","search"],"fullName":"BM25Search search should handle database errors gracefully","status":"passed","title":"should handle database errors gracefully","duration":0.918124999999236,"failureMessages":[],"meta":{}},{"ancestorTitles":["BM25Search","search"],"fullName":"BM25Search search should find matched terms in content","status":"passed","title":"should find matched terms in content","duration":0.8063750000001164,"failureMessages":[],"meta":{}},{"ancestorTitles":["BM25Search","addDocument"],"fullName":"BM25Search addDocument should insert document into FTS index","status":"passed","title":"should insert document into FTS index","duration":0.6277499999996508,"failureMessages":[],"meta":{}},{"ancestorTitles":["BM25Search","addDocument"],"fullName":"BM25Search addDocument should join symbols with space","status":"passed","title":"should join symbols with space","duration":0.6975420000007944,"failureMessages":[],"meta":{}},{"ancestorTitles":["BM25Search","addDocument"],"fullName":"BM25Search addDocument should handle empty symbols array","status":"passed","title":"should handle empty symbols array","duration":0.563666999999441,"failureMessages":[],"meta":{}},{"ancestorTitles":["BM25Search","removeDocument"],"fullName":"BM25Search removeDocument should delete document from FTS index","status":"passed","title":"should delete document from FTS index","duration":0.5440840000001117,"failureMessages":[],"meta":{}},{"ancestorTitles":["BM25Search","clearStore"],"fullName":"BM25Search clearStore should delete all documents for a store","status":"passed","title":"should delete all documents for a store","duration":0.623000000000502,"failureMessages":[],"meta":{}},{"ancestorTitles":["BM25Search","getStats"],"fullName":"BM25Search getStats should return document count","status":"passed","title":"should return document count","duration":0.5255839999999807,"failureMessages":[],"meta":{}},{"ancestorTitles":["BM25Search","getStats"],"fullName":"BM25Search getStats should return zero for empty index","status":"passed","title":"should return zero for empty index","duration":0.47820800000044983,"failureMessages":[],"meta":{}},{"ancestorTitles":["BM25Search","getStats"],"fullName":"BM25Search getStats should handle errors gracefully","status":"passed","title":"should handle errors gracefully","duration":0.5205839999998716,"failureMessages":[],"meta":{}},{"ancestorTitles":["BM25Search","rebuildIndex"],"fullName":"BM25Search rebuildIndex should optimize the FTS index","status":"passed","title":"should optimize the FTS index","duration":0.531833000000006,"failureMessages":[],"meta":{}}],"startTime":1773581712350,"endTime":1773581712364.5317,"status":"passed","message":"","name":"/Users/suas/work/orchestrat0r/claude-orchestrator/src/main/indexing/bm25-search.spec.ts"},{"assertionResults":[{"ancestorTitles":["ContextAssembler","assembleContext"],"fullName":"ContextAssembler assembleContext should return empty context for no search results","status":"passed","title":"should return empty context for no search results","duration":2.430833000000348,"failureMessages":[],"meta":{}},{"ancestorTitles":["ContextAssembler","assembleContext"],"fullName":"ContextAssembler assembleContext should respect token budget for main chunks","status":"passed","title":"should respect token budget for main chunks","duration":0.6987079999998969,"failureMessages":[],"meta":{}},{"ancestorTitles":["ContextAssembler","assembleContext"],"fullName":"ContextAssembler assembleContext should include symbol definitions when enabled","status":"passed","title":"should include symbol definitions when enabled","duration":0.7412079999994603,"failureMessages":[],"meta":{}},{"ancestorTitles":["ContextAssembler","assembleContext"],"fullName":"ContextAssembler assembleContext should include imported modules when enabled","status":"passed","title":"should include imported modules when enabled","duration":0.6372089999995296,"failureMessages":[],"meta":{}},{"ancestorTitles":["ContextAssembler","assembleContext"],"fullName":"ContextAssembler assembleContext should allocate token budget proportionally","status":"passed","title":"should allocate token budget proportionally","duration":0.5835420000003069,"failureMessages":[],"meta":{}},{"ancestorTitles":["ContextAssembler","assembleContext"],"fullName":"ContextAssembler assembleContext should truncate content to fit remaining budget","status":"passed","title":"should truncate content to fit remaining budget","duration":0.5719580000004498,"failureMessages":[],"meta":{}},{"ancestorTitles":["ContextAssembler","assembleContext"],"fullName":"ContextAssembler assembleContext should filter by minimum relevance score","status":"passed","title":"should filter by minimum relevance score","duration":0.6216249999997672,"failureMessages":[],"meta":{}},{"ancestorTitles":["ContextAssembler","assembleContext"],"fullName":"ContextAssembler assembleContext should limit max chunks","status":"passed","title":"should limit max chunks","duration":0.5849589999997988,"failureMessages":[],"meta":{}},{"ancestorTitles":["ContextAssembler","findRelatedSymbols"],"fullName":"ContextAssembler findRelatedSymbols should extract symbol references from chunks","status":"passed","title":"should extract symbol references from chunks","duration":1.5222080000003189,"failureMessages":[],"meta":{}},{"ancestorTitles":["ContextAssembler","findRelatedSymbols"],"fullName":"ContextAssembler findRelatedSymbols should respect symbol token budget","status":"passed","title":"should respect symbol token budget","duration":0.7974999999996726,"failureMessages":[],"meta":{}},{"ancestorTitles":["ContextAssembler","findRelatedSymbols"],"fullName":"ContextAssembler findRelatedSymbols should skip keywords","status":"passed","title":"should skip keywords","duration":0.5688330000002679,"failureMessages":[],"meta":{}},{"ancestorTitles":["ContextAssembler","findImportedModules"],"fullName":"ContextAssembler findImportedModules should find module info for imports","status":"passed","title":"should find module info for imports","duration":0.5581249999995634,"failureMessages":[],"meta":{}},{"ancestorTitles":["ContextAssembler","findImportedModules"],"fullName":"ContextAssembler findImportedModules should skip relative imports","status":"passed","title":"should skip relative imports","duration":0.5017079999997804,"failureMessages":[],"meta":{}}],"startTime":1773581712523,"endTime":1773581712533.5017,"status":"passed","message":"","name":"/Users/suas/work/orchestrat0r/claude-orchestrator/src/main/indexing/context-assembler.spec.ts"},{"assertionResults":[{"ancestorTitles":["CodebaseFileWatcher","startWatching"],"fullName":"CodebaseFileWatcher startWatching should start watching a directory","status":"passed","title":"should start watching a directory","duration":2.274333999999726,"failureMessages":[],"meta":{}},{"ancestorTitles":["CodebaseFileWatcher","startWatching"],"fullName":"CodebaseFileWatcher startWatching should not create duplicate watchers for same store","status":"passed","title":"should not create duplicate watchers for same store","duration":0.7005829999998241,"failureMessages":[],"meta":{}},{"ancestorTitles":["CodebaseFileWatcher","startWatching"],"fullName":"CodebaseFileWatcher startWatching should emit watcher:started event","status":"passed","title":"should emit watcher:started event","duration":0.6211250000005748,"failureMessages":[],"meta":{}},{"ancestorTitles":["CodebaseFileWatcher","startWatching"],"fullName":"CodebaseFileWatcher startWatching should emit change events","status":"passed","title":"should emit change events","duration":0.815375000000131,"failureMessages":[],"meta":{}},{"ancestorTitles":["CodebaseFileWatcher","stopWatching"],"fullName":"CodebaseFileWatcher stopWatching should stop watching a specific store","status":"passed","title":"should stop watching a specific store","duration":0.5781660000002375,"failureMessages":[],"meta":{}},{"ancestorTitles":["CodebaseFileWatcher","stopWatching"],"fullName":"CodebaseFileWatcher stopWatching should handle stopping non-existent watcher","status":"passed","title":"should handle stopping non-existent watcher","duration":0.5332090000001699,"failureMessages":[],"meta":{}},{"ancestorTitles":["CodebaseFileWatcher","stopWatching"],"fullName":"CodebaseFileWatcher stopWatching should emit watcher:stopped event","status":"passed","title":"should emit watcher:stopped event","duration":0.5772919999999431,"failureMessages":[],"meta":{}},{"ancestorTitles":["CodebaseFileWatcher","stopAll"],"fullName":"CodebaseFileWatcher stopAll should stop all watchers","status":"passed","title":"should stop all watchers","duration":1.372957999999926,"failureMessages":[],"meta":{}},{"ancestorTitles":["CodebaseFileWatcher","getStatus"],"fullName":"CodebaseFileWatcher getStatus should return watching status","status":"passed","title":"should return watching status","duration":0.7313329999997222,"failureMessages":[],"meta":{}},{"ancestorTitles":["CodebaseFileWatcher","getStatus"],"fullName":"CodebaseFileWatcher getStatus should return null for non-existent watcher","status":"passed","title":"should return null for non-existent watcher","duration":0.48833299999932933,"failureMessages":[],"meta":{}},{"ancestorTitles":["CodebaseFileWatcher","getActiveWatchers"],"fullName":"CodebaseFileWatcher getActiveWatchers should return list of active watcher store IDs","status":"passed","title":"should return list of active watcher store IDs","duration":0.5174160000005941,"failureMessages":[],"meta":{}},{"ancestorTitles":["CodebaseFileWatcher","debouncing"],"fullName":"CodebaseFileWatcher debouncing should debounce rapid changes","status":"passed","title":"should debounce rapid changes","duration":1.9475000000002183,"failureMessages":[],"meta":{}},{"ancestorTitles":["CodebaseFileWatcher","configure"],"fullName":"CodebaseFileWatcher configure should update configuration","status":"passed","title":"should update configuration","duration":1.862250000000131,"failureMessages":[],"meta":{}},{"ancestorTitles":["CodebaseFileWatcher","flushChanges"],"fullName":"CodebaseFileWatcher flushChanges should process pending changes immediately","status":"passed","title":"should process pending changes immediately","duration":0.7830830000002607,"failureMessages":[],"meta":{}}],"startTime":1773581712382,"endTime":1773581712395.7832,"status":"passed","message":"","name":"/Users/suas/work/orchestrat0r/claude-orchestrator/src/main/indexing/file-watcher.spec.ts"},{"assertionResults":[{"ancestorTitles":["HybridSearchService","search"],"fullName":"HybridSearchService search should run BM25 and vector search in parallel","status":"passed","title":"should run BM25 and vector search in parallel","duration":2.5309580000002825,"failureMessages":[],"meta":{}},{"ancestorTitles":["HybridSearchService","search"],"fullName":"HybridSearchService search should use default config values when not provided","status":"passed","title":"should use default config values when not provided","duration":0.7364580000003116,"failureMessages":[],"meta":{}},{"ancestorTitles":["HybridSearchService","search"],"fullName":"HybridSearchService search should apply HyDE when enabled","status":"passed","title":"should apply HyDE when enabled","duration":0.6159999999999854,"failureMessages":[],"meta":{}},{"ancestorTitles":["HybridSearchService","search"],"fullName":"HybridSearchService search should return empty array for no results","status":"passed","title":"should return empty array for no results","duration":0.5842920000004597,"failureMessages":[],"meta":{}},{"ancestorTitles":["HybridSearchService","search"],"fullName":"HybridSearchService search should filter results by minimum score","status":"passed","title":"should filter results by minimum score","duration":0.6520420000006197,"failureMessages":[],"meta":{}},{"ancestorTitles":["HybridSearchService","RRF score calculation"],"fullName":"HybridSearchService RRF score calculation should combine BM25 and vector scores using RRF","status":"passed","title":"should combine BM25 and vector scores using RRF","duration":0.694416999999703,"failureMessages":[],"meta":{}},{"ancestorTitles":["HybridSearchService","RRF score calculation"],"fullName":"HybridSearchService RRF score calculation should determine match type correctly","status":"passed","title":"should determine match type correctly","duration":0.6504169999998339,"failureMessages":[],"meta":{}},{"ancestorTitles":["HybridSearchService","diversity filtering"],"fullName":"HybridSearchService diversity filtering should limit results from same file","status":"passed","title":"should limit results from same file","duration":0.7235419999997248,"failureMessages":[],"meta":{}},{"ancestorTitles":["HybridSearchService","configure"],"fullName":"HybridSearchService configure should update configuration","status":"passed","title":"should update configuration","duration":0.5571669999999358,"failureMessages":[],"meta":{}}],"startTime":1773581712581,"endTime":1773581712588.7236,"status":"passed","message":"","name":"/Users/suas/work/orchestrat0r/claude-orchestrator/src/main/indexing/hybrid-search.spec.ts"},{"assertionResults":[{"ancestorTitles":["CodebaseIndexingService","module structure"],"fullName":"CodebaseIndexingService module structure should export CodebaseIndexingService class","status":"passed","title":"should export CodebaseIndexingService class","duration":54.49341600000025,"failureMessages":[],"meta":{}},{"ancestorTitles":["CodebaseIndexingService","module structure"],"fullName":"CodebaseIndexingService module structure should export getCodebaseIndexingService singleton getter","status":"passed","title":"should export getCodebaseIndexingService singleton getter","duration":0.07058299999971496,"failureMessages":[],"meta":{}},{"ancestorTitles":["CodebaseIndexingService","module structure"],"fullName":"CodebaseIndexingService module structure should export resetCodebaseIndexingService function","status":"passed","title":"should export resetCodebaseIndexingService function","duration":0.04879099999925529,"failureMessages":[],"meta":{}},{"ancestorTitles":["CodebaseIndexingService","service interface"],"fullName":"CodebaseIndexingService service interface should define expected methods on the service class","status":"passed","title":"should define expected methods on the service class","duration":0.05412499999965803,"failureMessages":[],"meta":{}},{"ancestorTitles":["CodebaseIndexingService","progress interface"],"fullName":"CodebaseIndexingService progress interface should return progress with expected structure","status":"passed","title":"should return progress with expected structure","duration":0.04241699999965931,"failureMessages":[],"meta":{}},{"ancestorTitles":["CodebaseIndexingService","stats interface"],"fullName":"CodebaseIndexingService stats interface should return stats with expected structure","status":"passed","title":"should return stats with expected structure","duration":0.04537499999969441,"failureMessages":[],"meta":{}},{"ancestorTitles":["CodebaseIndexingService","event types"],"fullName":"CodebaseIndexingService event types should support expected event types","status":"passed","title":"should support expected event types","duration":0.06991699999980483,"failureMessages":[],"meta":{}}],"startTime":1773581711688,"endTime":1773581711743.0706,"status":"passed","message":"","name":"/Users/suas/work/orchestrat0r/claude-orchestrator/src/main/indexing/indexing-service.spec.ts"},{"assertionResults":[{"ancestorTitles":["SearchAnalytics","logSearch"],"fullName":"SearchAnalytics logSearch should insert a search event","status":"passed","title":"should insert a search event","duration":1.8860839999997552,"failureMessages":[],"meta":{}},{"ancestorTitles":["SearchAnalytics","logSearch"],"fullName":"SearchAnalytics logSearch should store all event properties","status":"passed","title":"should store all event properties","duration":0.6254170000001977,"failureMessages":[],"meta":{}},{"ancestorTitles":["SearchAnalytics","logSearch"],"fullName":"SearchAnalytics logSearch should handle database errors gracefully","status":"passed","title":"should handle database errors gracefully","duration":1.266791000000012,"failureMessages":[],"meta":{}},{"ancestorTitles":["SearchAnalytics","recordClick"],"fullName":"SearchAnalytics recordClick should update clicked indices","status":"passed","title":"should update clicked indices","duration":0.9743749999997817,"failureMessages":[],"meta":{}},{"ancestorTitles":["SearchAnalytics","recordClick"],"fullName":"SearchAnalytics recordClick should append to existing clicks","status":"passed","title":"should append to existing clicks","duration":0.5670000000000073,"failureMessages":[],"meta":{}},{"ancestorTitles":["SearchAnalytics","recordClick"],"fullName":"SearchAnalytics recordClick should not duplicate click indices","status":"passed","title":"should not duplicate click indices","duration":0.5011249999997744,"failureMessages":[],"meta":{}},{"ancestorTitles":["SearchAnalytics","recordClick"],"fullName":"SearchAnalytics recordClick should handle non-existent search ID","status":"passed","title":"should handle non-existent search ID","duration":0.5037080000001879,"failureMessages":[],"meta":{}},{"ancestorTitles":["SearchAnalytics","getMetrics"],"fullName":"SearchAnalytics getMetrics should return aggregate metrics","status":"passed","title":"should return aggregate metrics","duration":0.6557089999996606,"failureMessages":[],"meta":{}},{"ancestorTitles":["SearchAnalytics","getMetrics"],"fullName":"SearchAnalytics getMetrics should return zero metrics for empty store","status":"passed","title":"should return zero metrics for empty store","duration":1.4906250000003638,"failureMessages":[],"meta":{}},{"ancestorTitles":["SearchAnalytics","getMetrics"],"fullName":"SearchAnalytics getMetrics should filter by time range","status":"passed","title":"should filter by time range","duration":0.5546250000006694,"failureMessages":[],"meta":{}},{"ancestorTitles":["SearchAnalytics","getMetrics"],"fullName":"SearchAnalytics getMetrics should handle database errors","status":"passed","title":"should handle database errors","duration":0.74566699999923,"failureMessages":[],"meta":{}},{"ancestorTitles":["SearchAnalytics","getQueryPatterns"],"fullName":"SearchAnalytics getQueryPatterns should return frequent query patterns","status":"passed","title":"should return frequent query patterns","duration":0.7425410000005286,"failureMessages":[],"meta":{}},{"ancestorTitles":["SearchAnalytics","getQueryPatterns"],"fullName":"SearchAnalytics getQueryPatterns should limit results","status":"passed","title":"should limit results","duration":0.6558749999994689,"failureMessages":[],"meta":{}},{"ancestorTitles":["SearchAnalytics","getQueryPatterns"],"fullName":"SearchAnalytics getQueryPatterns should handle empty results","status":"passed","title":"should handle empty results","duration":0.5039579999993293,"failureMessages":[],"meta":{}},{"ancestorTitles":["SearchAnalytics","getRecentSearches"],"fullName":"SearchAnalytics getRecentSearches should return recent search events","status":"passed","title":"should return recent search events","duration":0.583041000000776,"failureMessages":[],"meta":{}},{"ancestorTitles":["SearchAnalytics","getRecentSearches"],"fullName":"SearchAnalytics getRecentSearches should limit results","status":"passed","title":"should limit results","duration":0.6215840000004391,"failureMessages":[],"meta":{}},{"ancestorTitles":["SearchAnalytics","cleanupOldEvents"],"fullName":"SearchAnalytics cleanupOldEvents should delete events older than retention period","status":"passed","title":"should delete events older than retention period","duration":0.5333749999999782,"failureMessages":[],"meta":{}},{"ancestorTitles":["SearchAnalytics","cleanupOldEvents"],"fullName":"SearchAnalytics cleanupOldEvents should use default retention of 30 days","status":"passed","title":"should use default retention of 30 days","duration":0.5258750000002692,"failureMessages":[],"meta":{}},{"ancestorTitles":["SearchAnalytics","cleanupOldEvents"],"fullName":"SearchAnalytics cleanupOldEvents should handle errors gracefully","status":"passed","title":"should handle errors gracefully","duration":0.6930830000001151,"failureMessages":[],"meta":{}},{"ancestorTitles":["SearchAnalytics","getHyDEEffectiveness"],"fullName":"SearchAnalytics getHyDEEffectiveness should compare scores with and without HyDE","status":"passed","title":"should compare scores with and without HyDE","duration":0.6313749999999345,"failureMessages":[],"meta":{}},{"ancestorTitles":["SearchAnalytics","getHyDEEffectiveness"],"fullName":"SearchAnalytics getHyDEEffectiveness should handle missing data","status":"passed","title":"should handle missing data","duration":0.5056249999997817,"failureMessages":[],"meta":{}},{"ancestorTitles":["SearchAnalytics","getHyDEEffectiveness"],"fullName":"SearchAnalytics getHyDEEffectiveness should handle partial data","status":"passed","title":"should handle partial data","duration":0.47912499999983993,"failureMessages":[],"meta":{}}],"startTime":1773581712269,"endTime":1773581712285.479,"status":"passed","message":"","name":"/Users/suas/work/orchestrat0r/claude-orchestrator/src/main/indexing/search-analytics.spec.ts"},{"assertionResults":[{"ancestorTitles":["InstanceCommunicationManager"],"fullName":"InstanceCommunicationManager ignores normal exit events from stateless exec adapters like codex","status":"passed","title":"ignores normal exit events from stateless exec adapters like codex","duration":2.42937500000005,"failureMessages":[],"meta":{}},{"ancestorTitles":["InstanceCommunicationManager"],"fullName":"InstanceCommunicationManager still marks persistent adapters as terminated on exit","status":"passed","title":"still marks persistent adapters as terminated on exit","duration":1.0103330000000597,"failureMessages":[],"meta":{}},{"ancestorTitles":["InstanceCommunicationManager"],"fullName":"InstanceCommunicationManager captures baselines from tool_result messages","status":"passed","title":"captures baselines from tool_result messages","duration":2.0293329999999514,"failureMessages":[],"meta":{}},{"ancestorTitles":["InstanceCommunicationManager"],"fullName":"InstanceCommunicationManager stores diffStats on busy to idle transitions","status":"passed","title":"stores diffStats on busy to idle transitions","duration":0.5926670000000058,"failureMessages":[],"meta":{}}],"startTime":1773581706605,"endTime":1773581706610.5928,"status":"passed","message":"","name":"/Users/suas/work/orchestrat0r/claude-orchestrator/src/main/instance/instance-communication.spec.ts"},{"assertionResults":[{"ancestorTitles":["InvalidTransitionError"],"fullName":"InvalidTransitionError has name \"InvalidTransitionError\"","status":"passed","title":"has name \"InvalidTransitionError\"","duration":0.10554200000024139,"failureMessages":[],"meta":{}},{"ancestorTitles":["InvalidTransitionError"],"fullName":"InvalidTransitionError includes both states in the message","status":"passed","title":"includes both states in the message","duration":0.0500000000001819,"failureMessages":[],"meta":{}},{"ancestorTitles":["InvalidTransitionError"],"fullName":"InvalidTransitionError is an instance of Error","status":"passed","title":"is an instance of Error","duration":0.035499999999956344,"failureMessages":[],"meta":{}},{"ancestorTitles":["InstanceStateMachine – constructor"],"fullName":"InstanceStateMachine – constructor defaults initial state to \"initializing\"","status":"passed","title":"defaults initial state to \"initializing\"","duration":0.03849999999965803,"failureMessages":[],"meta":{}},{"ancestorTitles":["InstanceStateMachine – constructor"],"fullName":"InstanceStateMachine – constructor accepts an explicit initial state","status":"passed","title":"accepts an explicit initial state","duration":0.03191599999991013,"failureMessages":[],"meta":{}},{"ancestorTitles":["InstanceStateMachine – valid transitions"],"fullName":"InstanceStateMachine – valid transitions initializing → ready","status":"passed","title":"initializing → ready","duration":0.034958000000187894,"failureMessages":[],"meta":{}},{"ancestorTitles":["InstanceStateMachine – valid transitions"],"fullName":"InstanceStateMachine – valid transitions initializing → error","status":"passed","title":"initializing → error","duration":0.020042000000103144,"failureMessages":[],"meta":{}},{"ancestorTitles":["InstanceStateMachine – valid transitions"],"fullName":"InstanceStateMachine – valid transitions ready → busy → idle","status":"passed","title":"ready → busy → idle","duration":0.02654199999960838,"failureMessages":[],"meta":{}},{"ancestorTitles":["InstanceStateMachine – valid transitions"],"fullName":"InstanceStateMachine – valid transitions ready → idle","status":"passed","title":"ready → idle","duration":0.0185830000000351,"failureMessages":[],"meta":{}},{"ancestorTitles":["InstanceStateMachine – valid transitions"],"fullName":"InstanceStateMachine – valid transitions ready → hibernating","status":"passed","title":"ready → hibernating","duration":0.019166999999470136,"failureMessages":[],"meta":{}},{"ancestorTitles":["InstanceStateMachine – valid transitions"],"fullName":"InstanceStateMachine – valid transitions busy → waiting_for_input","status":"passed","title":"busy → waiting_for_input","duration":0.026667000000088592,"failureMessages":[],"meta":{}},{"ancestorTitles":["InstanceStateMachine – valid transitions"],"fullName":"InstanceStateMachine – valid transitions busy → ready","status":"passed","title":"busy → ready","duration":0.019833000000289758,"failureMessages":[],"meta":{}},{"ancestorTitles":["InstanceStateMachine – valid transitions"],"fullName":"InstanceStateMachine – valid transitions busy → error","status":"passed","title":"busy → error","duration":0.02095900000040274,"failureMessages":[],"meta":{}},{"ancestorTitles":["InstanceStateMachine – valid transitions"],"fullName":"InstanceStateMachine – valid transitions waiting_for_input → busy","status":"passed","title":"waiting_for_input → busy","duration":0.021708000000216998,"failureMessages":[],"meta":{}},{"ancestorTitles":["InstanceStateMachine – valid transitions"],"fullName":"InstanceStateMachine – valid transitions waiting_for_input → idle","status":"passed","title":"waiting_for_input → idle","duration":0.02395799999976589,"failureMessages":[],"meta":{}},{"ancestorTitles":["InstanceStateMachine – valid transitions"],"fullName":"InstanceStateMachine – valid transitions waiting_for_input → ready","status":"passed","title":"waiting_for_input → ready","duration":0.0185830000000351,"failureMessages":[],"meta":{}},{"ancestorTitles":["InstanceStateMachine – valid transitions"],"fullName":"InstanceStateMachine – valid transitions error → ready","status":"passed","title":"error → ready","duration":0.0189170000003287,"failureMessages":[],"meta":{}},{"ancestorTitles":["InstanceStateMachine – valid transitions"],"fullName":"InstanceStateMachine – valid transitions error → idle","status":"passed","title":"error → idle","duration":0.017957999999453023,"failureMessages":[],"meta":{}},{"ancestorTitles":["InstanceStateMachine – valid transitions"],"fullName":"InstanceStateMachine – valid transitions error → respawning","status":"passed","title":"error → respawning","duration":0.017958000000362517,"failureMessages":[],"meta":{}},{"ancestorTitles":["InstanceStateMachine – valid transitions"],"fullName":"InstanceStateMachine – valid transitions respawning → ready","status":"passed","title":"respawning → ready","duration":0.01766700000007404,"failureMessages":[],"meta":{}},{"ancestorTitles":["InstanceStateMachine – valid transitions"],"fullName":"InstanceStateMachine – valid transitions respawning → idle","status":"passed","title":"respawning → idle","duration":0.017625000000407454,"failureMessages":[],"meta":{}},{"ancestorTitles":["InstanceStateMachine – valid transitions"],"fullName":"InstanceStateMachine – valid transitions respawning → error","status":"passed","title":"respawning → error","duration":0.01766700000007404,"failureMessages":[],"meta":{}},{"ancestorTitles":["InstanceStateMachine – valid transitions"],"fullName":"InstanceStateMachine – valid transitions full hibernation cycle: idle → hibernating → hibernated → waking → ready","status":"passed","title":"full hibernation cycle: idle → hibernating → hibernated → waking → ready","duration":0.035667000000103144,"failureMessages":[],"meta":{}},{"ancestorTitles":["InstanceStateMachine – valid transitions"],"fullName":"InstanceStateMachine – valid transitions waking → error","status":"passed","title":"waking → error","duration":0.024333999999726075,"failureMessages":[],"meta":{}},{"ancestorTitles":["InstanceStateMachine – valid transitions"],"fullName":"InstanceStateMachine – valid transitions idle → waiting_for_input","status":"passed","title":"idle → waiting_for_input","duration":0.017791000000215718,"failureMessages":[],"meta":{}},{"ancestorTitles":["InstanceStateMachine – invalid transitions"],"fullName":"InstanceStateMachine – invalid transitions idle → busy is not allowed","status":"passed","title":"idle → busy is not allowed","duration":0.04304200000024139,"failureMessages":[],"meta":{}},{"ancestorTitles":["InstanceStateMachine – invalid transitions"],"fullName":"InstanceStateMachine – invalid transitions hibernated → idle is not allowed (must go through waking)","status":"passed","title":"hibernated → idle is not allowed (must go through waking)","duration":0.03412500000013097,"failureMessages":[],"meta":{}},{"ancestorTitles":["InstanceStateMachine – invalid transitions"],"fullName":"InstanceStateMachine – invalid transitions hibernated → ready is not allowed (must go through waking)","status":"passed","title":"hibernated → ready is not allowed (must go through waking)","duration":0.032749999999396096,"failureMessages":[],"meta":{}},{"ancestorTitles":["InstanceStateMachine – invalid transitions"],"fullName":"InstanceStateMachine – invalid transitions initializing → busy is not allowed","status":"passed","title":"initializing → busy is not allowed","duration":0.02604200000041601,"failureMessages":[],"meta":{}},{"ancestorTitles":["InstanceStateMachine – invalid transitions"],"fullName":"InstanceStateMachine – invalid transitions initializing → idle is not allowed","status":"passed","title":"initializing → idle is not allowed","duration":0.025125000000116415,"failureMessages":[],"meta":{}},{"ancestorTitles":["InstanceStateMachine – invalid transitions"],"fullName":"InstanceStateMachine – invalid transitions ready → error is not allowed","status":"passed","title":"ready → error is not allowed","duration":0.033625000000029104,"failureMessages":[],"meta":{}},{"ancestorTitles":["InstanceStateMachine – invalid transitions"],"fullName":"InstanceStateMachine – invalid transitions waking → busy is not allowed","status":"passed","title":"waking → busy is not allowed","duration":0.026125000000320142,"failureMessages":[],"meta":{}},{"ancestorTitles":["InstanceStateMachine – invalid transitions"],"fullName":"InstanceStateMachine – invalid transitions hibernating → ready is not allowed (must finish hibernating first)","status":"passed","title":"hibernating → ready is not allowed (must finish hibernating first)","duration":0.025208000000020547,"failureMessages":[],"meta":{}},{"ancestorTitles":["InstanceStateMachine – invalid transitions"],"fullName":"InstanceStateMachine – invalid transitions error → busy is not allowed","status":"passed","title":"error → busy is not allowed","duration":0.027250000000094587,"failureMessages":[],"meta":{}},{"ancestorTitles":["InstanceStateMachine – universal targets (terminated / failed)"],"fullName":"InstanceStateMachine – universal targets (terminated / failed) initializing → terminated","status":"passed","title":"initializing → terminated","duration":0.020166999999673862,"failureMessages":[],"meta":{}},{"ancestorTitles":["InstanceStateMachine – universal targets (terminated / failed)"],"fullName":"InstanceStateMachine – universal targets (terminated / failed) initializing → failed","status":"passed","title":"initializing → failed","duration":0.018292000000656117,"failureMessages":[],"meta":{}},{"ancestorTitles":["InstanceStateMachine – universal targets (terminated / failed)"],"fullName":"InstanceStateMachine – universal targets (terminated / failed) ready → terminated","status":"passed","title":"ready → terminated","duration":0.013708000000406173,"failureMessages":[],"meta":{}},{"ancestorTitles":["InstanceStateMachine – universal targets (terminated / failed)"],"fullName":"InstanceStateMachine – universal targets (terminated / failed) ready → failed","status":"passed","title":"ready → failed","duration":0.013084000000162632,"failureMessages":[],"meta":{}},{"ancestorTitles":["InstanceStateMachine – universal targets (terminated / failed)"],"fullName":"InstanceStateMachine – universal targets (terminated / failed) idle → terminated","status":"passed","title":"idle → terminated","duration":0.013167000000066764,"failureMessages":[],"meta":{}},{"ancestorTitles":["InstanceStateMachine – universal targets (terminated / failed)"],"fullName":"InstanceStateMachine – universal targets (terminated / failed) idle → failed","status":"passed","title":"idle → failed","duration":0.013167000000066764,"failureMessages":[],"meta":{}},{"ancestorTitles":["InstanceStateMachine – universal targets (terminated / failed)"],"fullName":"InstanceStateMachine – universal targets (terminated / failed) busy → terminated","status":"passed","title":"busy → terminated","duration":0.013125000000400178,"failureMessages":[],"meta":{}},{"ancestorTitles":["InstanceStateMachine – universal targets (terminated / failed)"],"fullName":"InstanceStateMachine – universal targets (terminated / failed) busy → failed","status":"passed","title":"busy → failed","duration":0.013167000000066764,"failureMessages":[],"meta":{}},{"ancestorTitles":["InstanceStateMachine – universal targets (terminated / failed)"],"fullName":"InstanceStateMachine – universal targets (terminated / failed) waiting_for_input → terminated","status":"passed","title":"waiting_for_input → terminated","duration":0.013791999999739346,"failureMessages":[],"meta":{}},{"ancestorTitles":["InstanceStateMachine – universal targets (terminated / failed)"],"fullName":"InstanceStateMachine – universal targets (terminated / failed) waiting_for_input → failed","status":"passed","title":"waiting_for_input → failed","duration":0.01341599999977916,"failureMessages":[],"meta":{}},{"ancestorTitles":["InstanceStateMachine – universal targets (terminated / failed)"],"fullName":"InstanceStateMachine – universal targets (terminated / failed) respawning → terminated","status":"passed","title":"respawning → terminated","duration":0.013332999999875028,"failureMessages":[],"meta":{}},{"ancestorTitles":["InstanceStateMachine – universal targets (terminated / failed)"],"fullName":"InstanceStateMachine – universal targets (terminated / failed) respawning → failed","status":"passed","title":"respawning → failed","duration":0.013249999999970896,"failureMessages":[],"meta":{}},{"ancestorTitles":["InstanceStateMachine – universal targets (terminated / failed)"],"fullName":"InstanceStateMachine – universal targets (terminated / failed) hibernating → terminated","status":"passed","title":"hibernating → terminated","duration":0.013332999999875028,"failureMessages":[],"meta":{}},{"ancestorTitles":["InstanceStateMachine – universal targets (terminated / failed)"],"fullName":"InstanceStateMachine – universal targets (terminated / failed) hibernating → failed","status":"passed","title":"hibernating → failed","duration":0.01320800000030431,"failureMessages":[],"meta":{}},{"ancestorTitles":["InstanceStateMachine – universal targets (terminated / failed)"],"fullName":"InstanceStateMachine – universal targets (terminated / failed) hibernated → terminated","status":"passed","title":"hibernated → terminated","duration":0.01316699999915727,"failureMessages":[],"meta":{}},{"ancestorTitles":["InstanceStateMachine – universal targets (terminated / failed)"],"fullName":"InstanceStateMachine – universal targets (terminated / failed) hibernated → failed","status":"passed","title":"hibernated → failed","duration":0.013083999999253138,"failureMessages":[],"meta":{}},{"ancestorTitles":["InstanceStateMachine – universal targets (terminated / failed)"],"fullName":"InstanceStateMachine – universal targets (terminated / failed) waking → terminated","status":"passed","title":"waking → terminated","duration":0.01395900000079564,"failureMessages":[],"meta":{}},{"ancestorTitles":["InstanceStateMachine – universal targets (terminated / failed)"],"fullName":"InstanceStateMachine – universal targets (terminated / failed) waking → failed","status":"passed","title":"waking → failed","duration":0.01333399999930407,"failureMessages":[],"meta":{}},{"ancestorTitles":["InstanceStateMachine – universal targets (terminated / failed)"],"fullName":"InstanceStateMachine – universal targets (terminated / failed) error → terminated","status":"passed","title":"error → terminated","duration":0.022625000000516593,"failureMessages":[],"meta":{}},{"ancestorTitles":["InstanceStateMachine – universal targets (terminated / failed)"],"fullName":"InstanceStateMachine – universal targets (terminated / failed) error → failed","status":"passed","title":"error → failed","duration":0.01491600000008475,"failureMessages":[],"meta":{}},{"ancestorTitles":["InstanceStateMachine – terminal states"],"fullName":"InstanceStateMachine – terminal states no transitions allowed from terminated","status":"passed","title":"no transitions allowed from terminated","duration":0.18270900000061374,"failureMessages":[],"meta":{}},{"ancestorTitles":["InstanceStateMachine – terminal states"],"fullName":"InstanceStateMachine – terminal states no transitions allowed from failed","status":"passed","title":"no transitions allowed from failed","duration":0.08758300000044983,"failureMessages":[],"meta":{}},{"ancestorTitles":["InstanceStateMachine – terminal states"],"fullName":"InstanceStateMachine – terminal states terminated → terminated is not allowed","status":"passed","title":"terminated → terminated is not allowed","duration":0.026749999999992724,"failureMessages":[],"meta":{}},{"ancestorTitles":["InstanceStateMachine – terminal states"],"fullName":"InstanceStateMachine – terminal states failed → failed is not allowed","status":"passed","title":"failed → failed is not allowed","duration":0.02608299999974406,"failureMessages":[],"meta":{}},{"ancestorTitles":["InstanceStateMachine – canTransition()"],"fullName":"InstanceStateMachine – canTransition() returns true for a valid transition","status":"passed","title":"returns true for a valid transition","duration":0.01866599999993923,"failureMessages":[],"meta":{}},{"ancestorTitles":["InstanceStateMachine – canTransition()"],"fullName":"InstanceStateMachine – canTransition() returns false for an invalid transition","status":"passed","title":"returns false for an invalid transition","duration":0.020166999999673862,"failureMessages":[],"meta":{}},{"ancestorTitles":["InstanceStateMachine – canTransition()"],"fullName":"InstanceStateMachine – canTransition() does not mutate state when returning true","status":"passed","title":"does not mutate state when returning true","duration":0.018000000000029104,"failureMessages":[],"meta":{}},{"ancestorTitles":["InstanceStateMachine – canTransition()"],"fullName":"InstanceStateMachine – canTransition() does not mutate state when returning false","status":"passed","title":"does not mutate state when returning false","duration":0.017458000000260654,"failureMessages":[],"meta":{}},{"ancestorTitles":["InstanceStateMachine – canTransition()"],"fullName":"InstanceStateMachine – canTransition() returns true for universal target (terminated) from any non-terminal state","status":"passed","title":"returns true for universal target (terminated) from any non-terminal state","duration":0.017333000000689935,"failureMessages":[],"meta":{}},{"ancestorTitles":["InstanceStateMachine – canTransition()"],"fullName":"InstanceStateMachine – canTransition() returns true for universal target (failed) from any non-terminal state","status":"passed","title":"returns true for universal target (failed) from any non-terminal state","duration":0.017500000000836735,"failureMessages":[],"meta":{}},{"ancestorTitles":["InstanceStateMachine – canTransition()"],"fullName":"InstanceStateMachine – canTransition() returns false from terminal state (terminated)","status":"passed","title":"returns false from terminal state (terminated)","duration":0.02974999999969441,"failureMessages":[],"meta":{}},{"ancestorTitles":["InstanceStateMachine – canTransition()"],"fullName":"InstanceStateMachine – canTransition() returns false from terminal state (failed)","status":"passed","title":"returns false from terminal state (failed)","duration":0.027082999999947788,"failureMessages":[],"meta":{}}],"startTime":1773581712887,"endTime":1773581712889.027,"status":"passed","message":"","name":"/Users/suas/work/orchestrat0r/claude-orchestrator/src/main/instance/instance-state-machine.spec.ts"},{"assertionResults":[{"ancestorTitles":["InstanceStateManager"],"fullName":"InstanceStateManager preserves queued context usage and diff stats when later updates omit them","status":"passed","title":"preserves queued context usage and diff stats when later updates omit them","duration":0.14458400000057736,"failureMessages":[],"meta":{}}],"startTime":1773581713349,"endTime":1773581713349.1445,"status":"passed","message":"","name":"/Users/suas/work/orchestrat0r/claude-orchestrator/src/main/instance/instance-state.spec.ts"},{"assertionResults":[{"ancestorTitles":["SessionDiffTracker","captureBaseline"],"fullName":"SessionDiffTracker captureBaseline captures the content of an existing file","status":"passed","title":"captures the content of an existing file","duration":1.1512499999998909,"failureMessages":[],"meta":{}},{"ancestorTitles":["SessionDiffTracker","captureBaseline"],"fullName":"SessionDiffTracker captureBaseline does NOT re-capture the same file within the same turn","status":"passed","title":"does NOT re-capture the same file within the same turn","duration":0.44574999999986176,"failureMessages":[],"meta":{}},{"ancestorTitles":["SessionDiffTracker","captureBaseline"],"fullName":"SessionDiffTracker captureBaseline uses empty string as baseline for non-existent files","status":"passed","title":"uses empty string as baseline for non-existent files","duration":0.44579199999952834,"failureMessages":[],"meta":{}},{"ancestorTitles":["SessionDiffTracker","computeDiff"],"fullName":"SessionDiffTracker computeDiff computes additions and deletions across multiple files","status":"passed","title":"computes additions and deletions across multiple files","duration":0.8036659999997937,"failureMessages":[],"meta":{}},{"ancestorTitles":["SessionDiffTracker","computeDiff"],"fullName":"SessionDiffTracker computeDiff detects deleted files (file content becomes empty)","status":"passed","title":"detects deleted files (file content becomes empty)","duration":0.36999999999989086,"failureMessages":[],"meta":{}},{"ancestorTitles":["SessionDiffTracker","computeDiff"],"fullName":"SessionDiffTracker computeDiff returns zero stats when files are unchanged","status":"passed","title":"returns zero stats when files are unchanged","duration":0.5693750000000364,"failureMessages":[],"meta":{}},{"ancestorTitles":["SessionDiffTracker","computeDiff"],"fullName":"SessionDiffTracker computeDiff accumulates stats across multiple computeDiff calls","status":"passed","title":"accumulates stats across multiple computeDiff calls","duration":0.6641249999993306,"failureMessages":[],"meta":{}},{"ancestorTitles":["SessionDiffTracker","computeDiff"],"fullName":"SessionDiffTracker computeDiff clears per-turn baselines after computation","status":"passed","title":"clears per-turn baselines after computation","duration":0.6043330000002243,"failureMessages":[],"meta":{}},{"ancestorTitles":["SessionDiffTracker","binary file handling"],"fullName":"SessionDiffTracker binary file handling counts a binary file as 1 file change with 0 line changes","status":"passed","title":"counts a binary file as 1 file change with 0 line changes","duration":0.5857089999999516,"failureMessages":[],"meta":{}},{"ancestorTitles":["SessionDiffTracker","path handling"],"fullName":"SessionDiffTracker path handling resolves relative paths against the working directory","status":"passed","title":"resolves relative paths against the working directory","duration":0.38254200000028504,"failureMessages":[],"meta":{}},{"ancestorTitles":["SessionDiffTracker","path handling"],"fullName":"SessionDiffTracker path handling ignores files outside the working directory","status":"passed","title":"ignores files outside the working directory","duration":0.6442909999996118,"failureMessages":[],"meta":{}},{"ancestorTitles":["SessionDiffTracker","path handling"],"fullName":"SessionDiffTracker path handling returns file paths as relative to the working directory in stats","status":"passed","title":"returns file paths as relative to the working directory in stats","duration":0.6653750000004948,"failureMessages":[],"meta":{}},{"ancestorTitles":["SessionDiffTracker","reset"],"fullName":"SessionDiffTracker reset clears all accumulated stats and baselines","status":"passed","title":"clears all accumulated stats and baselines","duration":0.6964999999991051,"failureMessages":[],"meta":{}}],"startTime":1773581712409,"endTime":1773581712416.6965,"status":"passed","message":"","name":"/Users/suas/work/orchestrat0r/claude-orchestrator/src/main/instance/session-diff-tracker.spec.ts"},{"assertionResults":[{"ancestorTitles":["Claude provider"],"fullName":"Claude provider extracts file_path from Write","status":"passed","title":"extracts file_path from Write","duration":0.12774999999965075,"failureMessages":[],"meta":{}},{"ancestorTitles":["Claude provider"],"fullName":"Claude provider extracts file_path from Write tool_result messages","status":"passed","title":"extracts file_path from Write tool_result messages","duration":0.050583000000187894,"failureMessages":[],"meta":{}},{"ancestorTitles":["Claude provider"],"fullName":"Claude provider extracts file_path from Edit","status":"passed","title":"extracts file_path from Edit","duration":0.03670799999963492,"failureMessages":[],"meta":{}},{"ancestorTitles":["Claude provider"],"fullName":"Claude provider extracts file_paths from MultiEdit","status":"passed","title":"extracts file_paths from MultiEdit","duration":0.10954099999980826,"failureMessages":[],"meta":{}},{"ancestorTitles":["Claude provider"],"fullName":"Claude provider extracts redirect target from Bash >","status":"passed","title":"extracts redirect target from Bash >","duration":0.19891700000061974,"failureMessages":[],"meta":{}},{"ancestorTitles":["Claude provider"],"fullName":"Claude provider extracts append redirect target from Bash >>","status":"passed","title":"extracts append redirect target from Bash >>","duration":0.11066700000083074,"failureMessages":[],"meta":{}},{"ancestorTitles":["Claude provider"],"fullName":"Claude provider extracts tee target from Bash","status":"passed","title":"extracts tee target from Bash","duration":0.05520799999976589,"failureMessages":[],"meta":{}},{"ancestorTitles":["Claude provider"],"fullName":"Claude provider extracts sed -i target from Bash","status":"passed","title":"extracts sed -i target from Bash","duration":0.03695799999968585,"failureMessages":[],"meta":{}},{"ancestorTitles":["Claude provider"],"fullName":"Claude provider ignores Read tool","status":"passed","title":"ignores Read tool","duration":0.029084000000693777,"failureMessages":[],"meta":{}},{"ancestorTitles":["Claude provider"],"fullName":"Claude provider ignores Glob tool","status":"passed","title":"ignores Glob tool","duration":0.07645899999988615,"failureMessages":[],"meta":{}},{"ancestorTitles":["Claude provider"],"fullName":"Claude provider ignores Grep tool","status":"passed","title":"ignores Grep tool","duration":0.04954199999974662,"failureMessages":[],"meta":{}},{"ancestorTitles":["Claude provider"],"fullName":"Claude provider ignores WebSearch tool","status":"passed","title":"ignores WebSearch tool","duration":0.03462500000023283,"failureMessages":[],"meta":{}},{"ancestorTitles":["Claude provider"],"fullName":"Claude provider ignores Agent tool","status":"passed","title":"ignores Agent tool","duration":0.02587500000026921,"failureMessages":[],"meta":{}},{"ancestorTitles":["Claude provider"],"fullName":"Claude provider ignores TodoWrite tool","status":"passed","title":"ignores TodoWrite tool","duration":0.024333999999726075,"failureMessages":[],"meta":{}},{"ancestorTitles":["Claude provider"],"fullName":"Claude provider ignores LS tool","status":"passed","title":"ignores LS tool","duration":0.02312499999970896,"failureMessages":[],"meta":{}},{"ancestorTitles":["Codex provider"],"fullName":"Codex provider extracts path from write_file","status":"passed","title":"extracts path from write_file","duration":0.05320899999969697,"failureMessages":[],"meta":{}},{"ancestorTitles":["Codex provider"],"fullName":"Codex provider extracts destination paths from apply_patch","status":"passed","title":"extracts destination paths from apply_patch","duration":0.15079199999945558,"failureMessages":[],"meta":{}},{"ancestorTitles":["Codex provider"],"fullName":"Codex provider extracts redirect target from shell command","status":"passed","title":"extracts redirect target from shell command","duration":0.056375000000116415,"failureMessages":[],"meta":{}},{"ancestorTitles":["Codex provider"],"fullName":"Codex provider ignores read_file tool","status":"passed","title":"ignores read_file tool","duration":0.03316700000050332,"failureMessages":[],"meta":{}},{"ancestorTitles":["Codex provider"],"fullName":"Codex provider ignores list_dir tool","status":"passed","title":"ignores list_dir tool","duration":0.025958000000173342,"failureMessages":[],"meta":{}},{"ancestorTitles":["Gemini provider"],"fullName":"Gemini provider extracts path from edit_file","status":"passed","title":"extracts path from edit_file","duration":0.04537499999969441,"failureMessages":[],"meta":{}},{"ancestorTitles":["Gemini provider"],"fullName":"Gemini provider extracts path from write_file","status":"passed","title":"extracts path from write_file","duration":0.029041000000688655,"failureMessages":[],"meta":{}},{"ancestorTitles":["Gemini provider"],"fullName":"Gemini provider extracts mv destination from shell command","status":"passed","title":"extracts mv destination from shell command","duration":0.03720800000064628,"failureMessages":[],"meta":{}},{"ancestorTitles":["Copilot provider"],"fullName":"Copilot provider extracts path from editFile","status":"passed","title":"extracts path from editFile","duration":0.038166000000273925,"failureMessages":[],"meta":{}},{"ancestorTitles":["Copilot provider"],"fullName":"Copilot provider extracts path from createFile","status":"passed","title":"extracts path from createFile","duration":0.02662499999951251,"failureMessages":[],"meta":{}},{"ancestorTitles":["Copilot provider"],"fullName":"Copilot provider extracts cp destination from runCommand","status":"passed","title":"extracts cp destination from runCommand","duration":0.08079199999974662,"failureMessages":[],"meta":{}},{"ancestorTitles":["Copilot provider"],"fullName":"Copilot provider ignores readFile tool","status":"passed","title":"ignores readFile tool","duration":0.023333000000093307,"failureMessages":[],"meta":{}},{"ancestorTitles":["Copilot provider"],"fullName":"Copilot provider ignores listFiles tool","status":"passed","title":"ignores listFiles tool","duration":0.02587500000026921,"failureMessages":[],"meta":{}},{"ancestorTitles":["Copilot provider"],"fullName":"Copilot provider ignores searchFiles tool","status":"passed","title":"ignores searchFiles tool","duration":0.021291999999448308,"failureMessages":[],"meta":{}},{"ancestorTitles":["Cross-cutting"],"fullName":"Cross-cutting returns empty array for non-tool_use messages (assistant)","status":"passed","title":"returns empty array for non-tool_use messages (assistant)","duration":0.0281249999998181,"failureMessages":[],"meta":{}},{"ancestorTitles":["Cross-cutting"],"fullName":"Cross-cutting extracts file paths from tool_result messages","status":"passed","title":"extracts file paths from tool_result messages","duration":0.029540999999881024,"failureMessages":[],"meta":{}},{"ancestorTitles":["Cross-cutting"],"fullName":"Cross-cutting returns empty array for system messages","status":"passed","title":"returns empty array for system messages","duration":0.02345900000000256,"failureMessages":[],"meta":{}},{"ancestorTitles":["Cross-cutting"],"fullName":"Cross-cutting returns empty array for user messages","status":"passed","title":"returns empty array for user messages","duration":0.021165999999539054,"failureMessages":[],"meta":{}},{"ancestorTitles":["Cross-cutting"],"fullName":"Cross-cutting filters out paths outside the working directory","status":"passed","title":"filters out paths outside the working directory","duration":0.04566599999998289,"failureMessages":[],"meta":{}},{"ancestorTitles":["Cross-cutting"],"fullName":"Cross-cutting filters bash redirect targeting path outside working directory","status":"passed","title":"filters bash redirect targeting path outside working directory","duration":0.030041999999411928,"failureMessages":[],"meta":{}},{"ancestorTitles":["Cross-cutting"],"fullName":"Cross-cutting resolves relative paths against the working directory","status":"passed","title":"resolves relative paths against the working directory","duration":0.030125000000225555,"failureMessages":[],"meta":{}},{"ancestorTitles":["Cross-cutting"],"fullName":"Cross-cutting deduplicates identical paths","status":"passed","title":"deduplicates identical paths","duration":0.04633300000023155,"failureMessages":[],"meta":{}},{"ancestorTitles":["Cross-cutting"],"fullName":"Cross-cutting returns empty array when metadata is absent","status":"passed","title":"returns empty array when metadata is absent","duration":0.023624999999810825,"failureMessages":[],"meta":{}},{"ancestorTitles":["Cross-cutting"],"fullName":"Cross-cutting uses generic fallback for unknown provider","status":"passed","title":"uses generic fallback for unknown provider","duration":0.03150000000005093,"failureMessages":[],"meta":{}},{"ancestorTitles":["Cross-cutting"],"fullName":"Cross-cutting uses generic fallback for unknown provider with path field","status":"passed","title":"uses generic fallback for unknown provider with path field","duration":0.030000000000654836,"failureMessages":[],"meta":{}}],"startTime":1773581712900,"endTime":1773581712902.0808,"status":"passed","message":"","name":"/Users/suas/work/orchestrat0r/claude-orchestrator/src/main/instance/tool-output-parser.spec.ts"},{"assertionResults":[{"ancestorTitles":["WarmStartManager","preWarm"],"fullName":"WarmStartManager preWarm spawns a process with the correct provider and workingDirectory","status":"passed","title":"spawns a process with the correct provider and workingDirectory","duration":0.4141669999999067,"failureMessages":[],"meta":{}},{"ancestorTitles":["WarmStartManager","preWarm"],"fullName":"WarmStartManager preWarm kills an existing warm process before spawning a new one","status":"passed","title":"kills an existing warm process before spawning a new one","duration":0.308165999999801,"failureMessages":[],"meta":{}},{"ancestorTitles":["WarmStartManager","preWarm"],"fullName":"WarmStartManager preWarm is a no-op when the manager is disabled","status":"passed","title":"is a no-op when the manager is disabled","duration":0.12079199999971024,"failureMessages":[],"meta":{}},{"ancestorTitles":["WarmStartManager","preWarm"],"fullName":"WarmStartManager preWarm logs a warning and does not throw when spawning fails","status":"passed","title":"logs a warning and does not throw when spawning fails","duration":0.37516599999980826,"failureMessages":[],"meta":{}},{"ancestorTitles":["WarmStartManager","consume"],"fullName":"WarmStartManager consume returns the adapter when provider matches","status":"passed","title":"returns the adapter when provider matches","duration":0.1634169999997539,"failureMessages":[],"meta":{}},{"ancestorTitles":["WarmStartManager","consume"],"fullName":"WarmStartManager consume clears the warm slot after a successful consume","status":"passed","title":"clears the warm slot after a successful consume","duration":0.1431670000001759,"failureMessages":[],"meta":{}},{"ancestorTitles":["WarmStartManager","consume"],"fullName":"WarmStartManager consume returns null when provider does not match and keeps the warm process","status":"passed","title":"returns null when provider does not match and keeps the warm process","duration":0.11779200000000856,"failureMessages":[],"meta":{}},{"ancestorTitles":["WarmStartManager","consume"],"fullName":"WarmStartManager consume returns null when workingDirectory does not match and keeps the warm process","status":"passed","title":"returns null when workingDirectory does not match and keeps the warm process","duration":0.11558400000012625,"failureMessages":[],"meta":{}},{"ancestorTitles":["WarmStartManager","consume"],"fullName":"WarmStartManager consume returns the adapter when provider AND workingDirectory both match","status":"passed","title":"returns the adapter when provider AND workingDirectory both match","duration":0.2039999999997235,"failureMessages":[],"meta":{}},{"ancestorTitles":["WarmStartManager","consume"],"fullName":"WarmStartManager consume returns null when there is no warm process","status":"passed","title":"returns null when there is no warm process","duration":0.07670799999959854,"failureMessages":[],"meta":{}},{"ancestorTitles":["WarmStartManager","consume"],"fullName":"WarmStartManager consume cancels the expiry timer when consumed","status":"passed","title":"cancels the expiry timer when consumed","duration":0.15924999999970169,"failureMessages":[],"meta":{}},{"ancestorTitles":["WarmStartManager","hasWarm"],"fullName":"WarmStartManager hasWarm returns true when a warm process exists for the provider","status":"passed","title":"returns true when a warm process exists for the provider","duration":0.11016700000072888,"failureMessages":[],"meta":{}},{"ancestorTitles":["WarmStartManager","hasWarm"],"fullName":"WarmStartManager hasWarm returns false when no warm process exists","status":"passed","title":"returns false when no warm process exists","duration":0.35645800000020245,"failureMessages":[],"meta":{}},{"ancestorTitles":["WarmStartManager","hasWarm"],"fullName":"WarmStartManager hasWarm returns false when a warm process exists for a different provider","status":"passed","title":"returns false when a warm process exists for a different provider","duration":0.10445799999979499,"failureMessages":[],"meta":{}},{"ancestorTitles":["WarmStartManager","hasWarm"],"fullName":"WarmStartManager hasWarm returns true when provider and workingDirectory both match","status":"passed","title":"returns true when provider and workingDirectory both match","duration":0.09929199999987759,"failureMessages":[],"meta":{}},{"ancestorTitles":["WarmStartManager","hasWarm"],"fullName":"WarmStartManager hasWarm returns false when provider matches but workingDirectory does not","status":"passed","title":"returns false when provider matches but workingDirectory does not","duration":0.09479100000044127,"failureMessages":[],"meta":{}},{"ancestorTitles":["WarmStartManager","hasWarm"],"fullName":"WarmStartManager hasWarm returns true when provider matches and no workingDirectory filter given","status":"passed","title":"returns true when provider matches and no workingDirectory filter given","duration":0.09654199999931734,"failureMessages":[],"meta":{}},{"ancestorTitles":["WarmStartManager","setEnabled"],"fullName":"WarmStartManager setEnabled kills the warm process immediately when disabled","status":"passed","title":"kills the warm process immediately when disabled","duration":0.16924999999991996,"failureMessages":[],"meta":{}},{"ancestorTitles":["WarmStartManager","setEnabled"],"fullName":"WarmStartManager setEnabled allows preWarm again after being re-enabled","status":"passed","title":"allows preWarm again after being re-enabled","duration":0.12241699999958655,"failureMessages":[],"meta":{}},{"ancestorTitles":["WarmStartManager","timer expiry"],"fullName":"WarmStartManager timer expiry kills the warm process after 5 minutes","status":"passed","title":"kills the warm process after 5 minutes","duration":0.2675419999995938,"failureMessages":[],"meta":{}},{"ancestorTitles":["WarmStartManager","timer expiry"],"fullName":"WarmStartManager timer expiry does not kill if less than 5 minutes have passed","status":"passed","title":"does not kill if less than 5 minutes have passed","duration":0.2461670000002414,"failureMessages":[],"meta":{}},{"ancestorTitles":["WarmStartManager","cleanup"],"fullName":"WarmStartManager cleanup kills the warm process when one exists","status":"passed","title":"kills the warm process when one exists","duration":0.22295799999938026,"failureMessages":[],"meta":{}},{"ancestorTitles":["WarmStartManager","cleanup"],"fullName":"WarmStartManager cleanup is idempotent — calling twice does not throw or double-kill","status":"passed","title":"is idempotent — calling twice does not throw or double-kill","duration":0.151332999999795,"failureMessages":[],"meta":{}},{"ancestorTitles":["WarmStartManager","cleanup"],"fullName":"WarmStartManager cleanup is a no-op when there is no warm process","status":"passed","title":"is a no-op when there is no warm process","duration":0.116041000000223,"failureMessages":[],"meta":{}}],"startTime":1773581712670,"endTime":1773581712674.246,"status":"passed","message":"","name":"/Users/suas/work/orchestrat0r/claude-orchestrator/src/main/instance/warm-start-manager.spec.ts"},{"assertionResults":[{"ancestorTitles":["ABTestingEngine","Experiment Creation"],"fullName":"ABTestingEngine Experiment Creation should create an experiment with default values","status":"passed","title":"should create an experiment with default values","duration":0.3115829999997004,"failureMessages":[],"meta":{}},{"ancestorTitles":["ABTestingEngine","Experiment Creation"],"fullName":"ABTestingEngine Experiment Creation should normalize variant weights","status":"passed","title":"should normalize variant weights","duration":0.06987500000013824,"failureMessages":[],"meta":{}},{"ancestorTitles":["ABTestingEngine","Experiment Creation"],"fullName":"ABTestingEngine Experiment Creation should generate unique IDs for variants","status":"passed","title":"should generate unique IDs for variants","duration":0.0439169999999649,"failureMessages":[],"meta":{}},{"ancestorTitles":["ABTestingEngine","Experiment Lifecycle"],"fullName":"ABTestingEngine Experiment Lifecycle should start a draft experiment","status":"passed","title":"should start a draft experiment","duration":0.08762500000011642,"failureMessages":[],"meta":{}},{"ancestorTitles":["ABTestingEngine","Experiment Lifecycle"],"fullName":"ABTestingEngine Experiment Lifecycle should pause a running experiment","status":"passed","title":"should pause a running experiment","duration":0.1157920000005106,"failureMessages":[],"meta":{}},{"ancestorTitles":["ABTestingEngine","Experiment Lifecycle"],"fullName":"ABTestingEngine Experiment Lifecycle should complete an experiment manually","status":"passed","title":"should complete an experiment manually","duration":0.10404099999959726,"failureMessages":[],"meta":{}},{"ancestorTitles":["ABTestingEngine","Experiment Lifecycle"],"fullName":"ABTestingEngine Experiment Lifecycle should not start a completed experiment","status":"passed","title":"should not start a completed experiment","duration":0.04699999999957072,"failureMessages":[],"meta":{}},{"ancestorTitles":["ABTestingEngine","Experiment Lifecycle"],"fullName":"ABTestingEngine Experiment Lifecycle should respect max concurrent experiments limit","status":"passed","title":"should respect max concurrent experiments limit","duration":0.11487499999930151,"failureMessages":[],"meta":{}},{"ancestorTitles":["ABTestingEngine","Variant Selection"],"fullName":"ABTestingEngine Variant Selection should return null when no running experiment for task type","status":"passed","title":"should return null when no running experiment for task type","duration":0.04862500000035652,"failureMessages":[],"meta":{}},{"ancestorTitles":["ABTestingEngine","Variant Selection"],"fullName":"ABTestingEngine Variant Selection should select a variant from running experiment","status":"passed","title":"should select a variant from running experiment","duration":0.09724999999980355,"failureMessages":[],"meta":{}},{"ancestorTitles":["ABTestingEngine","Variant Selection"],"fullName":"ABTestingEngine Variant Selection should maintain consistent assignment for same session","status":"passed","title":"should maintain consistent assignment for same session","duration":0.05566699999963021,"failureMessages":[],"meta":{}},{"ancestorTitles":["ABTestingEngine","Variant Selection"],"fullName":"ABTestingEngine Variant Selection should follow weighted distribution","status":"passed","title":"should follow weighted distribution","duration":0.3460830000003625,"failureMessages":[],"meta":{}},{"ancestorTitles":["ABTestingEngine","Outcome Recording"],"fullName":"ABTestingEngine Outcome Recording should record successful outcome","status":"passed","title":"should record successful outcome","duration":0.1662079999996422,"failureMessages":[],"meta":{}},{"ancestorTitles":["ABTestingEngine","Outcome Recording"],"fullName":"ABTestingEngine Outcome Recording should calculate running averages correctly","status":"passed","title":"should calculate running averages correctly","duration":0.07883399999991525,"failureMessages":[],"meta":{}},{"ancestorTitles":["ABTestingEngine","Winner Detection"],"fullName":"ABTestingEngine Winner Detection should return null when minimum samples not reached","status":"passed","title":"should return null when minimum samples not reached","duration":0.14620900000045367,"failureMessages":[],"meta":{}},{"ancestorTitles":["ABTestingEngine","Winner Detection"],"fullName":"ABTestingEngine Winner Detection should detect winner when statistically significant","status":"passed","title":"should detect winner when statistically significant","duration":0.1547499999996944,"failureMessages":[],"meta":{}},{"ancestorTitles":["ABTestingEngine","Winner Detection"],"fullName":"ABTestingEngine Winner Detection should auto-complete experiment when winner is detected","status":"passed","title":"should auto-complete experiment when winner is detected","duration":0.06537500000013097,"failureMessages":[],"meta":{}},{"ancestorTitles":["ABTestingEngine","Experiment Queries"],"fullName":"ABTestingEngine Experiment Queries should list experiments filtered by status","status":"passed","title":"should list experiments filtered by status","duration":0.1184160000002521,"failureMessages":[],"meta":{}},{"ancestorTitles":["ABTestingEngine","Experiment Queries"],"fullName":"ABTestingEngine Experiment Queries should get experiments by task type","status":"passed","title":"should get experiments by task type","duration":0.06991699999980483,"failureMessages":[],"meta":{}},{"ancestorTitles":["ABTestingEngine","Experiment Queries"],"fullName":"ABTestingEngine Experiment Queries should return correct stats","status":"passed","title":"should return correct stats","duration":0.10141600000042672,"failureMessages":[],"meta":{}},{"ancestorTitles":["ABTestingEngine","Experiment Deletion"],"fullName":"ABTestingEngine Experiment Deletion should delete an experiment and its data","status":"passed","title":"should delete an experiment and its data","duration":0.07474999999976717,"failureMessages":[],"meta":{}},{"ance
[...]
eta":{}},{"ancestorTitles":["ExportPanelComponent","JSON Export"],"fullName":"ExportPanelComponent JSON Export should exclude metadata when disabled","status":"passed","title":"should exclude metadata when disabled","duration":4.409666000000016,"failureMessages":[],"meta":{}},{"ancestorTitles":["ExportPanelComponent","JSON Export"],"fullName":"ExportPanelComponent JSON Export should include synthesis when enabled","status":"passed","title":"should include synthesis when enabled","duration":4.400958000000173,"failureMessages":[],"meta":{}},{"ancestorTitles":["ExportPanelComponent","JSON Export"],"fullName":"ExportPanelComponent JSON Export should include consensus matrix when enabled","status":"passed","title":"should include consensus matrix when enabled","duration":5.0684580000001915,"failureMessages":[],"meta":{}},{"ancestorTitles":["ExportPanelComponent","HTML Export"],"fullName":"ExportPanelComponent HTML Export should generate valid HTML structure","status":"passed","title":"should generate valid HTML structure","duration":4.019000000000233,"failureMessages":[],"meta":{}},{"ancestorTitles":["ExportPanelComponent","HTML Export"],"fullName":"ExportPanelComponent HTML Export should include title with result ID","status":"passed","title":"should include title with result ID","duration":4.2569579999999405,"failureMessages":[],"meta":{}},{"ancestorTitles":["ExportPanelComponent","HTML Export"],"fullName":"ExportPanelComponent HTML Export should include basic styles","status":"passed","title":"should include basic styles","duration":4.4950419999995574,"failureMessages":[],"meta":{}},{"ancestorTitles":["ExportPanelComponent","Copy to Clipboard"],"fullName":"ExportPanelComponent Copy to Clipboard should copy content to clipboard","status":"passed","title":"should copy content to clipboard","duration":5.47979099999975,"failureMessages":[],"meta":{}},{"ancestorTitles":["ExportPanelComponent","Copy to Clipboard"],"fullName":"ExportPanelComponent Copy to Clipboard should show copied state after copying","status":"passed","title":"should show copied state after copying","duration":3.7741249999999127,"failureMessages":[],"meta":{}},{"ancestorTitles":["ExportPanelComponent","Copy to Clipboard"],"fullName":"ExportPanelComponent Copy to Clipboard should reset copied state after timeout","status":"passed","title":"should reset copied state after timeout","duration":3.7433750000000146,"failureMessages":[],"meta":{}},{"ancestorTitles":["ExportPanelComponent","Copy to Clipboard"],"fullName":"ExportPanelComponent Copy to Clipboard should copy the full export content","status":"passed","title":"should copy the full export content","duration":4.214790999999423,"failureMessages":[],"meta":{}},{"ancestorTitles":["ExportPanelComponent","File Download"],"fullName":"ExportPanelComponent File Download should create blob URL for download","status":"passed","title":"should create blob URL for download","duration":7.230583999999908,"failureMessages":[],"meta":{}},{"ancestorTitles":["ExportPanelComponent","File Download"],"fullName":"ExportPanelComponent File Download should create anchor element for download","status":"passed","title":"should create anchor element for download","duration":15.084541000000172,"failureMessages":[],"meta":{}},{"ancestorTitles":["ExportPanelComponent","File Download"],"fullName":"ExportPanelComponent File Download should trigger click on anchor","status":"passed","title":"should trigger click on anchor","duration":6.542665999999372,"failureMessages":[],"meta":{}},{"ancestorTitles":["ExportPanelComponent","File Download"],"fullName":"ExportPanelComponent File Download should revoke blob URL after download","status":"passed","title":"should revoke blob URL after download","duration":6.905999999999949,"failureMessages":[],"meta":{}},{"ancestorTitles":["ExportPanelComponent","File Download"],"fullName":"ExportPanelComponent File Download should use correct filename with format extension","status":"passed","title":"should use correct filename with format extension","duration":4.248166999999739,"failureMessages":[],"meta":{}},{"ancestorTitles":["ExportPanelComponent","File Download"],"fullName":"ExportPanelComponent File Download should set isExporting state during export","status":"passed","title":"should set isExporting state during export","duration":4.3943749999998545,"failureMessages":[],"meta":{}},{"ancestorTitles":["ExportPanelComponent","Modal Behavior"],"fullName":"ExportPanelComponent Modal Behavior should emit close event when backdrop clicked","status":"passed","title":"should emit close event when backdrop clicked","duration":5.81458400000065,"failureMessages":[],"meta":{}},{"ancestorTitles":["ExportPanelComponent","Modal Behavior"],"fullName":"ExportPanelComponent Modal Behavior should NOT close when modal content clicked","status":"passed","title":"should NOT close when modal content clicked","duration":4.393666999999368,"failureMessages":[],"meta":{}},{"ancestorTitles":["ExportPanelComponent","Modal Behavior"],"fullName":"ExportPanelComponent Modal Behavior should emit close when close button clicked","status":"passed","title":"should emit close when close button clicked","duration":4.389583999999559,"failureMessages":[],"meta":{}},{"ancestorTitles":["ExportPanelComponent","Modal Behavior"],"fullName":"ExportPanelComponent Modal Behavior should emit close when cancel button clicked","status":"passed","title":"should emit close when cancel button clicked","duration":4.867707999999766,"failureMessages":[],"meta":{}},{"ancestorTitles":["ExportPanelComponent","Export Event"],"fullName":"ExportPanelComponent Export Event should emit exportComplete with format and content","status":"passed","title":"should emit exportComplete with format and content","duration":6.413540999999896,"failureMessages":[],"meta":{}},{"ancestorTitles":["ExportPanelComponent","Export Event"],"fullName":"ExportPanelComponent Export Event should emit correct format when JSON selected","status":"passed","title":"should emit correct format when JSON selected","duration":4.636625000000095,"failureMessages":[],"meta":{}},{"ancestorTitles":["ExportPanelComponent","Edge Cases"],"fullName":"ExportPanelComponent Edge Cases should handle result with no responses","status":"passed","title":"should handle result with no responses","duration":4.266875000000255,"failureMessages":[],"meta":{}},{"ancestorTitles":["ExportPanelComponent","Edge Cases"],"fullName":"ExportPanelComponent Edge Cases should handle result with no debate rounds","status":"passed","title":"should handle result with no debate rounds","duration":4.346000000000458,"failureMessages":[],"meta":{}},{"ancestorTitles":["ExportPanelComponent","Edge Cases"],"fullName":"ExportPanelComponent Edge Cases should handle result with no consensus matrix","status":"passed","title":"should handle result with no consensus matrix","duration":5.332667000000583,"failureMessages":[],"meta":{}},{"ancestorTitles":["ExportPanelComponent","Edge Cases"],"fullName":"ExportPanelComponent Edge Cases should handle empty prompt","status":"passed","title":"should handle empty prompt","duration":4.085833000000093,"failureMessages":[],"meta":{}}],"startTime":1773581709939,"endTime":1773581710225.086,"status":"passed","message":"","name":"/Users/suas/work/orchestrat0r/claude-orchestrator/src/renderer/app/features/verification/results/export-panel.component.spec.ts"},{"assertionResults":[{"ancestorTitles":["VerificationResultsComponent","Component Creation"],"fullName":"VerificationResultsComponent Component Creation should create the component","status":"passed","title":"should create the component","duration":38.33220799999981,"failureMessages":[],"meta":{}},{"ancestorTitles":["VerificationResultsComponent","Component Creation"],"fullName":"VerificationResultsComponent Component Creation should initialize with summary tab selected","status":"passed","title":"should initialize with summary tab selected","duration":17.258124999999836,"failureMessages":[],"meta":{}},{"ancestorTitles":["VerificationResultsComponent","Component Creation"],"fullName":"VerificationResultsComponent Component Creation should display result when available","status":"passed","title":"should display result when available","duration":15.479707999999846,"failureMessages":[],"meta":{}},{"ancestorTitles":["VerificationResultsComponent","Component Creation"],"fullName":"VerificationResultsComponent Component Creation should show empty state when no result","status":"passed","title":"should show empty state when no result","duration":14.141500000000178,"failureMessages":[],"meta":{}},{"ancestorTitles":["VerificationResultsComponent","Tab Navigation"],"fullName":"VerificationResultsComponent Tab Navigation should have all expected tabs","status":"passed","title":"should have all expected tabs","duration":13.972915999999714,"failureMessages":[],"meta":{}},{"ancestorTitles":["VerificationResultsComponent","Tab Navigation"],"fullName":"VerificationResultsComponent Tab Navigation should switch to comparison tab","status":"passed","title":"should switch to comparison tab","duration":14.967999999999847,"failureMessages":[],"meta":{}},{"ancestorTitles":["VerificationResultsComponent","Tab Navigation"],"fullName":"VerificationResultsComponent Tab Navigation should switch to debate tab when debate rounds exist","status":"passed","title":"should switch to debate tab when debate rounds exist","duration":14.296500000000378,"failureMessages":[],"meta":{}},{"ancestorTitles":["VerificationResultsComponent","Tab Navigation"],"fullName":"VerificationResultsComponent Tab Navigation should switch to raw tab","status":"passed","title":"should switch to raw tab","duration":14.822042000000238,"failureMessages":[],"meta":{}},{"ancestorTitles":["VerificationResultsComponent","Tab Navigation"],"fullName":"VerificationResultsComponent Tab Navigation should show debate tab only when debate rounds exist","status":"passed","title":"should show debate tab only when debate rounds exist","duration":14.001749999999902,"failureMessages":[],"meta":{}},{"ancestorTitles":["VerificationResultsComponent","Tab Navigation"],"fullName":"VerificationResultsComponent Tab Navigation should hide debate tab when no debate rounds","status":"passed","title":"should hide debate tab when no debate rounds","duration":14.250625000000127,"failureMessages":[],"meta":{}},{"ancestorTitles":["VerificationResultsComponent","Summary Tab"],"fullName":"VerificationResultsComponent Summary Tab should display synthesized response","status":"passed","title":"should display synthesized response","duration":13.70791700000018,"failureMessages":[],"meta":{}},{"ancestorTitles":["VerificationResultsComponent","Summary Tab"],"fullName":"VerificationResultsComponent Summary Tab should display confidence badge","status":"passed","title":"should display confidence badge","duration":14.56775000000016,"failureMessages":[],"meta":{}},{"ancestorTitles":["VerificationResultsComponent","Summary Tab"],"fullName":"VerificationResultsComponent Summary Tab should apply correct confidence class for high confidence","status":"passed","title":"should apply correct confidence class for high confidence","duration":13.385291000000052,"failureMessages":[],"meta":{}},{"ancestorTitles":["VerificationResultsComponent","Summary Tab"],"fullName":"VerificationResultsComponent Summary Tab should apply medium class for medium confidence","status":"passed","title":"should apply medium class for medium confidence","duration":14.34875000000011,"failureMessages":[],"meta":{}},{"ancestorTitles":["VerificationResultsComponent","Summary Tab"],"fullName":"VerificationResultsComponent Summary Tab should apply low class for low confidence","status":"passed","title":"should apply low class for low confidence","duration":12.427416999999878,"failureMessages":[],"meta":{}},{"ancestorTitles":["VerificationResultsComponent","Summary Tab"],"fullName":"VerificationResultsComponent Summary Tab should display synthesis method","status":"passed","title":"should display synthesis method","duration":13.633124999999836,"failureMessages":[],"meta":{}},{"ancestorTitles":["VerificationResultsComponent","Summary Tab"],"fullName":"VerificationResultsComponent Summary Tab should display agreement summary","status":"passed","title":"should display agreement summary","duration":12.510291999999936,"failureMessages":[],"meta":{}},{"ancestorTitles":["VerificationResultsComponent","Comparison Tab"],"fullName":"VerificationResultsComponent Comparison Tab should display agent comparison cards","status":"passed","title":"should display agent comparison cards","duration":14.735791999999947,"failureMessages":[],"meta":{}},{"ancestorTitles":["VerificationResultsComponent","Comparison Tab"],"fullName":"VerificationResultsComponent Comparison Tab should show agent names","status":"passed","title":"should show agent names","duration":13.466542000000118,"failureMessages":[],"meta":{}},{"ancestorTitles":["VerificationResultsComponent","Comparison Tab"],"fullName":"VerificationResultsComponent Comparison Tab should show agent personalities","status":"passed","title":"should show agent personalities","duration":14.32229099999995,"failureMessages":[],"meta":{}},{"ancestorTitles":["VerificationResultsComponent","Comparison Tab"],"fullName":"VerificationResultsComponent Comparison Tab should display comparison cards","status":"passed","title":"should display comparison cards","duration":13.560209000000214,"failureMessages":[],"meta":{}},{"ancestorTitles":["VerificationResultsComponent","Debate Tab"],"fullName":"VerificationResultsComponent Debate Tab should display debate rounds","status":"passed","title":"should display debate rounds","duration":13.087790999999925,"failureMessages":[],"meta":{}},{"ancestorTitles":["VerificationResultsComponent","Debate Tab"],"fullName":"VerificationResultsComponent Debate Tab should show round numbers","status":"passed","title":"should show round numbers","duration":12.857082999999875,"failureMessages":[],"meta":{}},{"ancestorTitles":["VerificationResultsComponent","Debate Tab"],"fullName":"VerificationResultsComponent Debate Tab should display round info when selected","status":"passed","title":"should display round info when selected","duration":13.910209000000123,"failureMessages":[],"meta":{}},{"ancestorTitles":["VerificationResultsComponent","Raw Responses Tab"],"fullName":"VerificationResultsComponent Raw Responses Tab should display all raw responses","status":"passed","title":"should display all raw responses","duration":13.23391700000002,"failureMessages":[],"meta":{}},{"ancestorTitles":["VerificationResultsComponent","Raw Responses Tab"],"fullName":"VerificationResultsComponent Raw Responses Tab should show full response content","status":"passed","title":"should show full response content","duration":13.870292000000063,"failureMessages":[],"meta":{}},{"ancestorTitles":["VerificationResultsComponent","Raw Responses Tab"],"fullName":"VerificationResultsComponent Raw Responses Tab should have copy button for each response","status":"passed","title":"should have copy button for each response","duration":12.91683299999977,"failureMessages":[],"meta":{}},{"ancestorTitles":["VerificationResultsComponent","Copy Functionality"],"fullName":"VerificationResultsComponent Copy Functionality should copy summary to clipboard","status":"passed","title":"should copy summary to clipboard","duration":14.458791999999903,"failureMessages":[],"meta":{}},{"ancestorTitles":["VerificationResultsComponent","Copy Functionality"],"fullName":"VerificationResultsComponent Copy Functionality should show copied state after copying","status":"passed","title":"should show copied state after copying","duration":12.682291999999961,"failureMessages":[],"meta":{}},{"ancestorTitles":["VerificationResultsComponent","Copy Functionality"],"fullName":"VerificationResultsComponent Copy Functionality should reset copied state after timeout","status":"passed","title":"should reset copied state after timeout","duration":13.361417000000074,"failureMessages":[],"meta":{}},{"ancestorTitles":["VerificationResultsComponent","Copy Functionality"],"fullName":"VerificationResultsComponent Copy Functionality should format agreements text correctly","status":"passed","title":"should format agreements text correctly","duration":11.986374999999953,"failureMessages":[],"meta":{}},{"ancestorTitles":["VerificationResultsComponent","Helper Methods"],"fullName":"VerificationResultsComponent Helper Methods should format time correctly","status":"passed","title":"should format time correctly","duration":11.51320799999985,"failureMessages":[],"meta":{}},{"ancestorTitles":["VerificationResultsComponent","Helper Methods"],"fullName":"VerificationResultsComponent Helper Methods should format duration correctly","status":"passed","title":"should format duration correctly","duration":10.374791000000187,"failureMessages":[],"meta":{}},{"ancestorTitles":["VerificationResultsComponent","Helper Methods"],"fullName":"VerificationResultsComponent Helper Methods should format cost correctly","status":"passed","title":"should format cost correctly","duration":10.785084000000097,"failureMessages":[],"meta":{}},{"ancestorTitles":["VerificationResultsComponent","Helper Methods"],"fullName":"VerificationResultsComponent Helper Methods should get correct confidence class","status":"passed","title":"should get correct confidence class","duration":11.43374999999969,"failureMessages":[],"meta":{}},{"ancestorTitles":["VerificationResultsComponent","Helper Methods"],"fullName":"VerificationResultsComponent Helper Methods should get agreement icon based on strength","status":"passed","title":"should get agreement icon based on strength","duration":11.052040999999917,"failureMessages":[],"meta":{}},{"ancestorTitles":["VerificationResultsComponent","Helper Methods"],"fullName":"VerificationResultsComponent Helper Methods should format personality correctly","status":"passed","title":"should format personality correctly","duration":11.400166000000354,"failureMessages":[],"meta":{}},{"ancestorTitles":["VerificationResultsComponent","Actions"],"fullName":"VerificationResultsComponent Actions should trigger export when export button clicked","status":"passed","title":"should trigger export when export button clicked","duration":13.679291999999805,"failureMessages":[],"meta":{}},{"ancestorTitles":["VerificationResultsComponent","Actions"],"fullName":"VerificationResultsComponent Actions should navigate to new verification","status":"passed","title":"should navigate to new verification","duration":12.136457999999948,"failureMessages":[],"meta":{}},{"ancestorTitles":["VerificationResultsComponent","Actions"],"fullName":"VerificationResultsComponent Actions should switch tab on new verification","status":"passed","title":"should switch tab on new verification","duration":12.65395800000033,"failureMessages":[],"meta":{}},{"ancestorTitles":["VerificationResultsComponent","Metadata Display"],"fullName":"VerificationResultsComponent Metadata Display should display completion time","status":"passed","title":"should display completion time","duration":12.102374999999938,"failureMessages":[],"meta":{}},{"ancestorTitles":["VerificationResultsComponent","Metadata Display"],"fullName":"VerificationResultsComponent Metadata Display should display duration","status":"passed","title":"should display duration","duration":12.307374999999865,"failureMessages":[],"meta":{}},{"ancestorTitles":["VerificationResultsComponent","Metadata Display"],"fullName":"VerificationResultsComponent Metadata Display should display total cost","status":"passed","title":"should display total cost","duration":11.723667000000205,"failureMessages":[],"meta":{}}],"startTime":1773581708374,"endTime":1773581708970.7236,"status":"passed","message":"","name":"/Users/suas/work/orchestrat0r/claude-orchestrator/src/renderer/app/features/verification/results/verification-results.component.spec.ts"}]}