{"numTotalTestSuites":474,"numPassedTestSuites":474,"numFailedTestSuites":0,"numPendingTestSuites":0,"numTotalTests":1306,"numPassedTests":1306,"numFailedTests":0,"numPendingTests":0,"numTodoTests":0,"snapshot":{"added":0,"failure":false,"filesAdded":0,"filesRemoved":0,"filesRemovedList":[],"filesUnmatched":0,"filesUpdated":0,"matched":0,"total":0,"unchecked":0,"uncheckedKeysByFile":[],"unmatched":0,"updated":0,"didUpdate":false},"startTime":1773568639499,"success":true,"testResults":[{"assertionResults":[{"ancestorTitles":["Context Editing Integration","context_management parameter syntax"],"fullName":"Context Editing Integration context_management parameter syntax should accept context_management with clear_tool_uses_20250919","status":"passed","title":"should accept context_management with clear_tool_uses_20250919","duration":0.1700830000008864,"failureMessages":[],"meta":{}},{"ancestorTitles":["Context Editing Integration","context_management parameter syntax"],"fullName":"Context Editing Integration context_management parameter syntax should accept full configuration options for tool clearing","status":"passed","title":"should accept full configuration options for tool clearing","duration":0.08537500000056752,"failureMessages":[],"meta":{}},{"ancestorTitles":["Context Editing Integration","clear_thinking_20251015 strategy"],"fullName":"Context Editing Integration clear_thinking_20251015 strategy should accept thinking block clearing strategy","status":"passed","title":"should accept thinking block clearing strategy","duration":0.06879200000003038,"failureMessages":[],"meta":{}},{"ancestorTitles":["Context Editing Integration","clear_thinking_20251015 strategy"],"fullName":"Context Editing Integration clear_thinking_20251015 strategy should accept keep: \"all\" for thinking blocks","status":"passed","title":"should accept keep: \"all\" for thinking blocks","duration":0.05512500000077125,"failureMessages":[],"meta":{}},{"ancestorTitles":["Context Editing Integration","combining strategies"],"fullName":"Context Editing Integration combining strategies should accept both thinking and tool clearing (thinking first)","status":"passed","title":"should accept both thinking and tool clearing (thinking first)","duration":0.08350000000064028,"failureMessages":[],"meta":{}},{"ancestorTitles":["Context Editing Integration","beta header requirement"],"fullName":"Context Editing Integration beta header requirement should require the correct beta header","status":"passed","title":"should require the correct beta header","duration":0.035834000000249944,"failureMessages":[],"meta":{}},{"ancestorTitles":["Context Editing Integration","response format"],"fullName":"Context Editing Integration response format should return context_management in response when edits applied","status":"passed","title":"should return context_management in response when edits applied","duration":0.06187500000123691,"failureMessages":[],"meta":{}},{"ancestorTitles":["Context Editing Integration","trigger by tool_uses"],"fullName":"Context Editing Integration trigger by tool_uses should accept trigger by tool_uses count","status":"passed","title":"should accept trigger by tool_uses count","duration":0.05583399999886751,"failureMessages":[],"meta":{}},{"ancestorTitles":["Context Editing Types"],"fullName":"Context Editing Types should have correct type definitions","status":"passed","title":"should have correct type definitions","duration":0.10541600000033213,"failureMessages":[],"meta":{}}],"startTime":1773568649845,"endTime":1773568649846.1055,"status":"passed","message":"","name":"/Users/suas/work/orchestrat0r/claude-orchestrator/src/main/api/context-editing.integration.spec.ts"},{"assertionResults":[{"ancestorTitles":["Prompt Caching Integration","cache_control syntax verification"],"fullName":"Prompt Caching Integration cache_control syntax verification should accept cache_control: { type: \"ephemeral\" }","status":"passed","title":"should accept cache_control: { type: \"ephemeral\" }","duration":0.340582999999242,"failureMessages":[],"meta":{}},{"ancestorTitles":["Prompt Caching Integration","cache_control syntax verification"],"fullName":"Prompt Caching Integration cache_control syntax verification should support ttl option for 1-hour cache","status":"passed","title":"should support ttl option for 1-hour cache","duration":0.13220800000090094,"failureMessages":[],"meta":{}},{"ancestorTitles":["Prompt Caching Integration","cache hit detection"],"fullName":"Prompt Caching Integration cache hit detection should show cache read on subsequent identical requests","status":"passed","title":"should show cache read on subsequent identical requests","duration":0.3912079999990965,"failureMessages":[],"meta":{}},{"ancestorTitles":["Prompt Caching Integration","usage metrics calculation"],"fullName":"Prompt Caching Integration usage metrics calculation should calculate cache performance metrics correctly","status":"passed","title":"should calculate cache performance metrics correctly","duration":0.11758299999928568,"failureMessages":[],"meta":{}},{"ancestorTitles":["Prompt Caching Integration","usage metrics calculation"],"fullName":"Prompt Caching Integration usage metrics calculation should handle first request with no cache","status":"passed","title":"should handle first request with no cache","duration":0.06099999999969441,"failureMessages":[],"meta":{}},{"ancestorTitles":["Prompt Caching Integration","multiple cache breakpoints"],"fullName":"Prompt Caching Integration multiple cache breakpoints should support up to 4 cache breakpoints","status":"passed","title":"should support up to 4 cache breakpoints","duration":0.12075000000004366,"failureMessages":[],"meta":{}},{"ancestorTitles":["Prompt Caching Integration","caching in tools"],"fullName":"Prompt Caching Integration caching in tools should cache tool definitions","status":"passed","title":"should cache tool definitions","duration":0.09887499999967986,"failureMessages":[],"meta":{}}],"startTime":1773568649675,"endTime":1773568649677.0989,"status":"passed","message":"","name":"/Users/suas/work/orchestrat0r/claude-orchestrator/src/main/api/prompt-cache.integration.spec.ts"},{"assertionResults":[{"ancestorTitles":["HistoryManager"],"fullName":"HistoryManager creates a safety backup before clearing conversation history","status":"passed","title":"creates a safety backup before clearing conversation history","duration":22.714374999999563,"failureMessages":[],"meta":{}},{"ancestorTitles":["HistoryManager"],"fullName":"HistoryManager archives a history entry without deleting the conversation file","status":"passed","title":"archives a history entry without deleting the conversation file","duration":8.232625000000553,"failureMessages":[],"meta":{}},{"ancestorTitles":["HistoryManager"],"fullName":"HistoryManager upserts history by stable thread identity when a restored session falls back to a new CLI session","status":"passed","title":"upserts history by stable thread identity when a restored session falls back to a new CLI session","duration":8.333749999999782,"failureMessages":[],"meta":{}},{"ancestorTitles":["HistoryManager"],"fullName":"HistoryManager deduplicates legacy history entries by session identity on load","status":"passed","title":"deduplicates legacy history entries by session identity on load","duration":5.6255829999990965,"failureMessages":[],"meta":{}}],"startTime":1773568648152,"endTime":1773568648196.6255,"status":"passed","message":"","name":"/Users/suas/work/orchestrat0r/claude-orchestrator/src/main/history/history-manager.spec.ts"},{"assertionResults":[{"ancestorTitles":["CompactionCoordinator strategy selection"],"fullName":"CompactionCoordinator strategy selection uses native compaction when supported and successful","status":"passed","title":"uses native compaction when supported and successful","duration":0.6198330000006536,"failureMessages":[],"meta":{}},{"ancestorTitles":["CompactionCoordinator strategy selection"],"fullName":"CompactionCoordinator strategy selection uses restart-with-summary when native compaction is not supported","status":"passed","title":"uses restart-with-summary when native compaction is not supported","duration":0.20679200000085984,"failureMessages":[],"meta":{}},{"ancestorTitles":["CompactionCoordinator strategy selection"],"fullName":"CompactionCoordinator strategy selection falls back to restart-with-summary when native compaction fails","status":"passed","title":"falls back to restart-with-summary when native compaction fails","duration":0.16479200000139826,"failureMessages":[],"meta":{}}],"startTime":1773568649827,"endTime":1773568649828.2068,"status":"passed","message":"","name":"/Users/suas/work/orchestrat0r/claude-orchestrator/src/main/context/compaction-coordinator.spec.ts"},{"assertionResults":[{"ancestorTitles":["EnhancedHookExecutor security"],"fullName":"EnhancedHookExecutor security blocks shell metacharacters when allowShell is false","status":"passed","title":"blocks shell metacharacters when allowShell is false","duration":0.7513749999998254,"failureMessages":[],"meta":{}},{"ancestorTitles":["EnhancedHookExecutor security"],"fullName":"EnhancedHookExecutor security blocks script execution when allowScript is false","status":"passed","title":"blocks script execution when allowScript is false","duration":0.17495799999960582,"failureMessages":[],"meta":{}},{"ancestorTitles":["EnhancedHookExecutor security"],"fullName":"EnhancedHookExecutor security enforces executable allowlist when provided","status":"passed","title":"enforces executable allowlist when provided","duration":0.4485420000000886,"failureMessages":[],"meta":{}}],"startTime":1773568649657,"endTime":1773568649658.4485,"status":"passed","message":"","name":"/Users/suas/work/orchestrat0r/claude-orchestrator/src/main/hooks/enhanced-hook-executor.spec.ts"},{"assertionResults":[{"ancestorTitles":["BM25Search","search"],"fullName":"BM25Search search should return empty results for empty query","status":"passed","title":"should return empty results for empty query","duration":2.757832999999664,"failureMessages":[],"meta":{}},{"ancestorTitles":["BM25Search","search"],"fullName":"BM25Search search should return empty results for whitespace-only query","status":"passed","title":"should return empty results for whitespace-only query","duration":1.6224589999983436,"failureMessages":[],"meta":{}},{"ancestorTitles":["BM25Search","search"],"fullName":"BM25Search search should build FTS query from search terms","status":"passed","title":"should build FTS query from search terms","duration":1.152541999999812,"failureMessages":[],"meta":{}},{"ancestorTitles":["BM25Search","search"],"fullName":"BM25Search search should apply file pattern filters with GLOB","status":"passed","title":"should apply file pattern filters with GLOB","duration":0.8179159999999683,"failureMessages":[],"meta":{}},{"ancestorTitles":["BM25Search","search"],"fullName":"BM25Search search should map database rows to BM25SearchResult","status":"passed","title":"should map database rows to BM25SearchResult","duration":0.8844580000004498,"failureMessages":[],"meta":{}},{"ancestorTitles":["BM25Search","search"],"fullName":"BM25Search search should use default limit and offset","status":"passed","title":"should use default limit and offset","duration":0.7538750000003347,"failureMessages":[],"meta":{}},{"ancestorTitles":["BM25Search","search"],"fullName":"BM25Search search should boost symbols when enabled","status":"passed","title":"should boost symbols when enabled","duration":0.7622080000001006,"failureMessages":[],"meta":{}},{"ancestorTitles":["BM25Search","search"],"fullName":"BM25Search search should use equal weights when boost disabled","status":"passed","title":"should use equal weights when boost disabled","duration":0.8662909999984549,"failureMessages":[],"meta":{}},{"ancestorTitles":["BM25Search","search"],"fullName":"BM25Search search should handle database errors gracefully","status":"passed","title":"should handle database errors gracefully","duration":1.981499999999869,"failureMessages":[],"meta":{}},{"ancestorTitles":["BM25Search","search"],"fullName":"BM25Search search should find matched terms in content","status":"passed","title":"should find matched terms in content","duration":1.2043749999993452,"failureMessages":[],"meta":{}},{"ancestorTitles":["BM25Search","addDocument"],"fullName":"BM25Search addDocument should insert document into FTS index","status":"passed","title":"should insert document into FTS index","duration":1.3745419999995647,"failureMessages":[],"meta":{}},{"ancestorTitles":["BM25Search","addDocument"],"fullName":"BM25Search addDocument should join symbols with space","status":"passed","title":"should join symbols with space","duration":1.0637919999990118,"failureMessages":[],"meta":{}},{"ancestorTitles":["BM25Search","addDocument"],"fullName":"BM25Search addDocument should handle empty symbols array","status":"passed","title":"should handle empty symbols array","duration":0.7741669999995793,"failureMessages":[],"meta":{}},{"ancestorTitles":["BM25Search","removeDocument"],"fullName":"BM25Search removeDocument should delete document from FTS index","status":"passed","title":"should delete document from FTS index","duration":0.7649170000004233,"failureMessages":[],"meta":{}},{"ancestorTitles":["BM25Search","clearStore"],"fullName":"BM25Search clearStore should delete all documents for a store","status":"passed","title":"should delete all documents for a store","duration":0.7201249999998254,"failureMessages":[],"meta":{}},{"ancestorTitles":["BM25Search","getStats"],"fullName":"BM25Search getStats should return document count","status":"passed","title":"should return document count","duration":1.6044590000001335,"failureMessages":[],"meta":{}},{"ancestorTitles":["BM25Search","getStats"],"fullName":"BM25Search getStats should return zero for empty index","status":"passed","title":"should return zero for empty index","duration":3.1622500000012224,"failureMessages":[],"meta":{}},{"ancestorTitles":["BM25Search","getStats"],"fullName":"BM25Search getStats should handle errors gracefully","status":"passed","title":"should handle errors gracefully","duration":2.641875000001164,"failureMessages":[],"meta":{}},{"ancestorTitles":["BM25Search","rebuildIndex"],"fullName":"BM25Search rebuildIndex should optimize the FTS index","status":"passed","title":"should optimize the FTS index","duration":1.1791250000005675,"failureMessages":[],"meta":{}}],"startTime":1773568648421,"endTime":1773568648447.1792,"status":"passed","message":"","name":"/Users/suas/work/orchestrat0r/claude-orchestrator/src/main/indexing/bm25-search.spec.ts"},{"assertionResults":[{"ancestorTitles":["ContextAssembler","assembleContext"],"fullName":"ContextAssembler assembleContext should return empty context for no search results","status":"passed","title":"should return empty context for no search results","duration":3.6146669999998267,"failureMessages":[],"meta":{}},{"ancestorTitles":["ContextAssembler","assembleContext"],"fullName":"ContextAssembler assembleContext should respect token budget for main chunks","status":"passed","title":"should respect token budget for main chunks","duration":2.1625420000000304,"failureMessages":[],"meta":{}},{"ancestorTitles":["ContextAssembler","assembleContext"],"fullName":"ContextAssembler assembleContext should include symbol definitions when enabled","status":"passed","title":"should include symbol definitions when enabled","duration":1.7277500000000146,"failureMessages":[],"meta":{}},{"ancestorTitles":["ContextAssembler","assembleContext"],"fullName":"ContextAssembler assembleContext should include imported modules when enabled","status":"passed","title":"should include imported modules when enabled","duration":1.1587499999986903,"failureMessages":[],"meta":{}},{"ancestorTitles":["ContextAssembler","assembleContext"],"fullName":"ContextAssembler assembleContext should allocate token budget proportionally","status":"passed","title":"should allocate token budget proportionally","duration":1.3277909999997064,"failureMessages":[],"meta":{}},{"ancestorTitles":["ContextAssembler","assembleContext"],"fullName":"ContextAssembler assembleContext should truncate content to fit remaining budget","status":"passed","title":"should truncate content to fit remaining budget","duration":1.5524160000004485,"failureMessages":[],"meta":{}},{"ancestorTitles":["ContextAssembler","assembleContext"],"fullName":"ContextAssembler assembleContext should filter by minimum relevance score","status":"passed","title":"should filter by minimum relevance score","duration":1.8439159999998083,"failureMessages":[],"meta":{}},{"ancestorTitles":["ContextAssembler","assembleContext"],"fullName":"ContextAssembler assembleContext should limit max chunks","status":"passed","title":"should limit max chunks","duration":1.5035829999997077,"failureMessages":[],"meta":{}},{"ancestorTitles":["ContextAssembler","findRelatedSymbols"],"fullName":"ContextAssembler findRelatedSymbols should extract symbol references from chunks","status":"passed","title":"should extract symbol references from chunks","duration":1.4152090000006865,"failureMessages":[],"meta":{}},{"ancestorTitles":["ContextAssembler","findRelatedSymbols"],"fullName":"ContextAssembler findRelatedSymbols should respect symbol token budget","status":"passed","title":"should respect symbol token budget","duration":1.3330000000005384,"failureMessages":[],"meta":{}},{"ancestorTitles":["ContextAssembler","findRelatedSymbols"],"fullName":"ContextAssembler findRelatedSymbols should skip keywords","status":"passed","title":"should skip keywords","duration":1.1297090000007302,"failureMessages":[],"meta":{}},{"ancestorTitles":["ContextAssembler","findImportedModules"],"fullName":"ContextAssembler findImportedModules should find module info for imports","status":"passed","title":"should find module info for imports","duration":1.333042000000205,"failureMessages":[],"meta":{}},{"ancestorTitles":["ContextAssembler","findImportedModules"],"fullName":"ContextAssembler findImportedModules should skip relative imports","status":"passed","title":"should skip relative imports","duration":1.3945409999996627,"failureMessages":[],"meta":{}}],"startTime":1773568648635,"endTime":1773568648656.3945,"status":"passed","message":"","name":"/Users/suas/work/orchestrat0r/claude-orchestrator/src/main/indexing/context-assembler.spec.ts"},{"assertionResults":[{"ancestorTitles":["CodebaseFileWatcher","startWatching"],"fullName":"CodebaseFileWatcher startWatching should start watching a directory","status":"passed","title":"should start watching a directory","duration":3.023541999998997,"failureMessages":[],"meta":{}},{"ancestorTitles":["CodebaseFileWatcher","startWatching"],"fullName":"CodebaseFileWatcher startWatching should not create duplicate watchers for same store","status":"passed","title":"should not create duplicate watchers for same store","duration":2.0357920000005834,"failureMessages":[],"meta":{}},{"ancestorTitles":["CodebaseFileWatcher","startWatching"],"fullName":"CodebaseFileWatcher startWatching should emit watcher:started event","status":"passed","title":"should emit watcher:started event","duration":1.4618750000008731,"failureMessages":[],"meta":{}},{"ancestorTitles":["CodebaseFileWatcher","startWatching"],"fullName":"CodebaseFileWatcher startWatching should emit change events","status":"passed","title":"should emit change events","duration":1.609375,"failureMessages":[],"meta":{}},{"ancestorTitles":["CodebaseFileWatcher","stopWatching"],"fullName":"CodebaseFileWatcher stopWatching should stop watching a specific store","status":"passed","title":"should stop watching a specific store","duration":1.2235420000015438,"failureMessages":[],"meta":{}},{"ancestorTitles":["CodebaseFileWatcher","stopWatching"],"fullName":"CodebaseFileWatcher stopWatching should handle stopping non-existent watcher","status":"passed","title":"should handle stopping non-existent watcher","duration":1.5026249999991705,"failureMessages":[],"meta":{}},{"ancestorTitles":["CodebaseFileWatcher","stopWatching"],"fullName":"CodebaseFileWatcher stopWatching should emit watcher:stopped event","status":"passed","title":"should emit watcher:stopped event","duration":1.1843750000007276,"failureMessages":[],"meta":{}},{"ancestorTitles":["CodebaseFileWatcher","stopAll"],"fullName":"CodebaseFileWatcher stopAll should stop all watchers","status":"passed","title":"should stop all watchers","duration":0.91608400000041,"failureMessages":[],"meta":{}},{"ancestorTitles":["CodebaseFileWatcher","getStatus"],"fullName":"CodebaseFileWatcher getStatus should return watching status","status":"passed","title":"should return watching status","duration":0.9580839999998716,"failureMessages":[],"meta":{}},{"ancestorTitles":["CodebaseFileWatcher","getStatus"],"fullName":"CodebaseFileWatcher getStatus should return null for non-existent watcher","status":"passed","title":"should return null for non-existent watcher","duration":0.9518750000006548,"failureMessages":[],"meta":{}},{"ancestorTitles":["CodebaseFileWatcher","getActiveWatchers"],"fullName":"CodebaseFileWatcher getActiveWatchers should return list of active watcher store IDs","status":"passed","title":"should return list of active watcher store IDs","duration":1.0736670000005688,"failureMessages":[],"meta":{}},{"ancestorTitles":["CodebaseFileWatcher","debouncing"],"fullName":"CodebaseFileWatcher debouncing should debounce rapid changes","status":"passed","title":"should debounce rapid changes","duration":1.9315000000005966,"failureMessages":[],"meta":{}},{"ancestorTitles":["CodebaseFileWatcher","configure"],"fullName":"CodebaseFileWatcher configure should update configuration","status":"passed","title":"should update configuration","duration":2.221916999998939,"failureMessages":[],"meta":{}},{"ancestorTitles":["CodebaseFileWatcher","flushChanges"],"fullName":"CodebaseFileWatcher flushChanges should process pending changes immediately","status":"passed","title":"should process pending changes immediately","duration":2.920625000000655,"failureMessages":[],"meta":{}}],"startTime":1773568648286,"endTime":1773568648308.9207,"status":"passed","message":"","name":"/Users/suas/work/orchestrat0r/claude-orchestrator/src/main/indexing/file-watcher.spec.ts"},{"assertionResults":[{"ancestorTitles":["HybridSearchService","search"],"fullName":"HybridSearchService search should run BM25 and vector search in parallel","status":"passed","title":"should run BM25 and vector search in parallel","duration":3.574666000000434,"failureMessages":[],"meta":{}},{"ancestorTitles":["HybridSearchService","search"],"fullName":"HybridSearchService search should use default config values when not provided","status":"passed","title":"should use default config values when not provided","duration":2.1803749999999127,"failureMessages":[],"meta":{}},{"ancestorTitles":["HybridSearchService","search"],"fullName":"HybridSearchService search should apply HyDE when enabled","status":"passed","title":"should apply HyDE when enabled","duration":1.3649590000004537,"failureMessages":[],"meta":{}},{"ancestorTitles":["HybridSearchService","search"],"fullName":"HybridSearchService search should return empty array for no results","status":"passed","title":"should return empty array for no results","duration":1.3340000000007421,"failureMessages":[],"meta":{}},{"ancestorTitles":["HybridSearchService","search"],"fullName":"HybridSearchService search should filter results by minimum score","status":"passed","title":"should filter results by minimum score","duration":1.2942499999990105,"failureMessages":[],"meta":{}},{"ancestorTitles":["HybridSearchService","RRF score calculation"],"fullName":"HybridSearchService RRF score calculation should combine BM25 and vector scores using RRF","status":"passed","title":"should combine BM25 and vector scores using RRF","duration":1.5192090000000462,"failureMessages":[],"meta":{}},{"ancestorTitles":["HybridSearchService","RRF score calculation"],"fullName":"HybridSearchService RRF score calculation should determine match type correctly","status":"passed","title":"should determine match type correctly","duration":1.2131250000002183,"failureMessages":[],"meta":{}},{"ancestorTitles":["HybridSearchService","diversity filtering"],"fullName":"HybridSearchService diversity filtering should limit results from same file","status":"passed","title":"should limit results from same file","duration":1.1700000000000728,"failureMessages":[],"meta":{}},{"ancestorTitles":["HybridSearchService","configure"],"fullName":"HybridSearchService configure should update configuration","status":"passed","title":"should update configuration","duration":0.8957919999993464,"failureMessages":[],"meta":{}}],"startTime":1773568648855,"endTime":1773568648869.8958,"status":"passed","message":"","name":"/Users/suas/work/orchestrat0r/claude-orchestrator/src/main/indexing/hybrid-search.spec.ts"},{"assertionResults":[{"ancestorTitles":["CodebaseIndexingService","module structure"],"fullName":"CodebaseIndexingService module structure should export CodebaseIndexingService class","status":"passed","title":"should export CodebaseIndexingService class","duration":94.27166699999998,"failureMessages":[],"meta":{}},{"ancestorTitles":["CodebaseIndexingService","module structure"],"fullName":"CodebaseIndexingService module structure should export getCodebaseIndexingService singleton getter","status":"passed","title":"should export getCodebaseIndexingService singleton getter","duration":0.12604100000044127,"failureMessages":[],"meta":{}},{"ancestorTitles":["CodebaseIndexingService","module structure"],"fullName":"CodebaseIndexingService module structure should export resetCodebaseIndexingService function","status":"passed","title":"should export resetCodebaseIndexingService function","duration":0.078708000000006,"failureMessages":[],"meta":{}},{"ancestorTitles":["CodebaseIndexingService","service interface"],"fullName":"CodebaseIndexingService service interface should define expected methods on the service class","status":"passed","title":"should define expected methods on the service class","duration":0.07370900000023539,"failureMessages":[],"meta":{}},{"ancestorTitles":["CodebaseIndexingService","progress interface"],"fullName":"CodebaseIndexingService progress interface should return progress with expected structure","status":"passed","title":"should return progress with expected structure","duration":0.0592079999996713,"failureMessages":[],"meta":{}},{"ancestorTitles":["CodebaseIndexingService","stats interface"],"fullName":"CodebaseIndexingService stats interface should return stats with expected structure","status":"passed","title":"should return stats with expected structure","duration":0.07225000000016735,"failureMessages":[],"meta":{}},{"ancestorTitles":["CodebaseIndexingService","event types"],"fullName":"CodebaseIndexingService event types should support expected event types","status":"passed","title":"should support expected event types","duration":0.10970799999995506,"failureMessages":[],"meta":{}}],"startTime":1773568647542,"endTime":1773568647637.1096,"status":"passed","message":"","name":"/Users/suas/work/orchestrat0r/claude-orchestrator/src/main/indexing/indexing-service.spec.ts"},{"assertionResults":[{"ancestorTitles":["SearchAnalytics","logSearch"],"fullName":"SearchAnalytics logSearch should insert a search event","status":"passed","title":"should insert a search event","duration":2.95891599999959,"failureMessages":[],"meta":{}},{"ancestorTitles":["SearchAnalytics","logSearch"],"fullName":"SearchAnalytics logSearch should store all event properties","status":"passed","title":"should store all event properties","duration":1.1175419999999576,"failureMessages":[],"meta":{}},{"ancestorTitles":["SearchAnalytics","logSearch"],"fullName":"SearchAnalytics logSearch should handle database errors gracefully","status":"passed","title":"should handle database errors gracefully","duration":1.9579579999990528,"failureMessages":[],"meta":{}},{"ancestorTitles":["SearchAnalytics","recordClick"],"fullName":"SearchAnalytics recordClick should update clicked indices","status":"passed","title":"should update clicked indices","duration":1.8500420000000304,"failureMessages":[],"meta":{}},{"ancestorTitles":["SearchAnalytics","recordClick"],"fullName":"SearchAnalytics recordClick should append to existing clicks","status":"passed","title":"should append to existing clicks","duration":1.5904579999987618,"failureMessages":[],"meta":{}},{"ancestorTitles":["SearchAnalytics","recordClick"],"fullName":"SearchAnalytics recordClick should not duplicate click indices","status":"passed","title":"should not duplicate click indices","duration":1.031209000000672,"failureMessages":[],"meta":{}},{"ancestorTitles":["SearchAnalytics","recordClick"],"fullName":"SearchAnalytics recordClick should handle non-existent search ID","status":"passed","title":"should handle non-existent search ID","duration":1.0262089999996533,"failureMessages":[],"meta":{}},{"ancestorTitles":["SearchAnalytics","getMetrics"],"fullName":"SearchAnalytics getMetrics should return aggregate metrics","status":"passed","title":"should return aggregate metrics","duration":1.1134170000004815,"failureMessages":[],"meta":{}},{"ancestorTitles":["SearchAnalytics","getMetrics"],"fullName":"SearchAnalytics getMetrics should return zero metrics for empty store","status":"passed","title":"should return zero metrics for empty store","duration":0.9228750000002037,"failureMessages":[],"meta":{}},{"ancestorTitles":["SearchAnalytics","getMetrics"],"fullName":"SearchAnalytics getMetrics should filter by time range","status":"passed","title":"should filter by time range","duration":0.8462499999986903,"failureMessages":[],"meta":{}},{"ancestorTitles":["SearchAnalytics","getMetrics"],"fullName":"SearchAnalytics getMetrics should handle database errors","status":"passed","title":"should handle database errors","duration":1.1989579999990383,"failureMessages":[],"meta":{}},{"ancestorTitles":["SearchAnalytics","getQueryPatterns"],"fullName":"SearchAnalytics getQueryPatterns should return frequent query patterns","status":"passed","title":"should return frequent query patterns","duration":0.9434170000004087,"failureMessages":[],"meta":{}},{"ancestorTitles":["SearchAnalytics","getQueryPatterns"],"fullName":"SearchAnalytics getQueryPatterns should limit results","status":"passed","title":"should limit results","duration":0.7765829999989364,"failureMessages":[],"meta":{}},{"ancestorTitles":["SearchAnalytics","getQueryPatterns"],"fullName":"SearchAnalytics getQueryPatterns should handle empty results","status":"passed","title":"should handle empty results","duration":0.6991249999991851,"failureMessages":[],"meta":{}},{"ancestorTitles":["SearchAnalytics","getRecentSearches"],"fullName":"SearchAnalytics getRecentSearches should return recent search events","status":"passed","title":"should return recent search events","duration":0.8251669999990554,"failureMessages":[],"meta":{}},{"ancestorTitles":["SearchAnalytics","getRecentSearches"],"fullName":"SearchAnalytics getRecentSearches should limit results","status":"passed","title":"should limit results","duration":0.7654579999998532,"failureMessages":[],"meta":{}},{"ancestorTitles":["SearchAnalytics","cleanupOldEvents"],"fullName":"SearchAnalytics cleanupOldEvents should delete events older than retention period","status":"passed","title":"should delete events older than retention period","duration":0.9454160000004777,"failureMessages":[],"meta":{}},{"ancestorTitles":["SearchAnalytics","cleanupOldEvents"],"fullName":"SearchAnalytics cleanupOldEvents should use default retention of 30 days","status":"passed","title":"should use default retention of 30 days","duration":0.9130830000012793,"failureMessages":[],"meta":{}},{"ancestorTitles":["SearchAnalytics","cleanupOldEvents"],"fullName":"SearchAnalytics cleanupOldEvents should handle errors gracefully","status":"passed","title":"should handle errors gracefully","duration":1.1402089999992313,"failureMessages":[],"meta":{}},{"ancestorTitles":["SearchAnalytics","getHyDEEffectiveness"],"fullName":"SearchAnalytics getHyDEEffectiveness should compare scores with and without HyDE","status":"passed","title":"should compare scores with and without HyDE","duration":0.9269999999996799,"failureMessages":[],"meta":{}},{"ancestorTitles":["SearchAnalytics","getHyDEEffectiveness"],"fullName":"SearchAnalytics getHyDEEffectiveness should handle missing data","status":"passed","title":"should handle missing data","duration":0.8327079999999114,"failureMessages":[],"meta":{}},{"ancestorTitles":["SearchAnalytics","getHyDEEffectiveness"],"fullName":"SearchAnalytics getHyDEEffectiveness should handle partial data","status":"passed","title":"should handle partial data","duration":1.362916000000041,"failureMessages":[],"meta":{}}],"startTime":1773568648335,"endTime":1773568648361.363,"status":"passed","message":"","name":"/Users/suas/work/orchestrat0r/claude-orchestrator/src/main/indexing/search-analytics.spec.ts"},{"assertionResults":[{"ancestorTitles":["InstanceCommunicationManager"],"fullName":"InstanceCommunicationManager ignores normal exit events from stateless exec adapters like codex","status":"passed","title":"ignores normal exit events from stateless exec adapters like codex","duration":0.8310829999991256,"failureMessages":[],"meta":{}},{"ancestorTitles":["InstanceCommunicationManager"],"fullName":"InstanceCommunicationManager still marks persistent adapters as terminated on exit","status":"passed","title":"still marks persistent adapters as terminated on exit","duration":0.40054199999940465,"failureMessages":[],"meta":{}},{"ancestorTitles":["InstanceCommunicationManager"],"fullName":"InstanceCommunicationManager captures baselines from tool_result messages","status":"passed","title":"captures baselines from tool_result messages","duration":1.9746670000004087,"failureMessages":[],"meta":{}},{"ancestorTitles":["InstanceCommunicationManager"],"fullName":"InstanceCommunicationManager stores diffStats on busy to idle transitions","status":"passed","title":"stores diffStats on busy to idle transitions","duration":0.4864589999997406,"failureMessages":[],"meta":{}}],"startTime":1773568648888,"endTime":1773568648891.4866,"status":"passed","message":"","name":"/Users/suas/work/orchestrat0r/claude-orchestrator/src/main/instance/instance-communication.spec.ts"},{"assertionResults":[{"ancestorTitles":["InvalidTransitionError"],"fullName":"InvalidTransitionError has name \"InvalidTransitionError\"","status":"passed","title":"has name \"InvalidTransitionError\"","duration":0.26616699999976845,"failureMessages":[],"meta":{}},{"ancestorTitles":["InvalidTransitionError"],"fullName":"InvalidTransitionError includes both states in the message","status":"passed","title":"includes both states in the message","duration":0.10437500000080036,"failureMessages":[],"meta":{}},{"ancestorTitles":["InvalidTransitionError"],"fullName":"InvalidTransitionError is an instance of Error","status":"passed","title":"is an instance of Error","duration":0.06662500000129512,"failureMessages":[],"meta":{}},{"ancestorTitles":["InstanceStateMachine – constructor"],"fullName":"InstanceStateMachine – constructor defaults initial state to \"initializing\"","status":"passed","title":"defaults initial state to \"initializing\"","duration":0.06937500000094587,"failureMessages":[],"meta":{}},{"ancestorTitles":["InstanceStateMachine – constructor"],"fullName":"InstanceStateMachine – constructor accepts an explicit initial state","status":"passed","title":"accepts an explicit initial state","duration":0.036208999999871594,"failureMessages":[],"meta":{}},{"ancestorTitles":["InstanceStateMachine – valid transitions"],"fullName":"InstanceStateMachine – valid transitions initializing → ready","status":"passed","title":"initializing → ready","duration":0.05887500000062573,"failureMessages":[],"meta":{}},{"ancestorTitles":["InstanceStateMachine – valid transitions"],"fullName":"InstanceStateMachine – valid transitions initializing → error","status":"passed","title":"initializing → error","duration":0.04837500000030559,"failureMessages":[],"meta":{}},{"ancestorTitles":["InstanceStateMachine – valid transitions"],"fullName":"InstanceStateMachine – valid transitions ready → busy → idle","status":"passed","title":"ready → busy → idle","duration":0.04216600000108883,"failureMessages":[],"meta":{}},{"ancestorTitles":["InstanceStateMachine – valid transitions"],"fullName":"InstanceStateMachine – valid transitions ready → idle","status":"passed","title":"ready → idle","duration":0.03070800000023155,"failureMessages":[],"meta":{}},{"ancestorTitles":["InstanceStateMachine – valid transitions"],"fullName":"InstanceStateMachine – valid transitions ready → hibernating","status":"passed","title":"ready → hibernating","duration":0.030625000001236913,"failureMessages":[],"meta":{}},{"ancestorTitles":["InstanceStateMachine – valid transitions"],"fullName":"InstanceStateMachine – valid transitions busy → waiting_for_input","status":"passed","title":"busy → waiting_for_input","duration":0.03175000000010186,"failureMessages":[],"meta":{}},{"ancestorTitles":["InstanceStateMachine – valid transitions"],"fullName":"InstanceStateMachine – valid transitions busy → ready","status":"passed","title":"busy → ready","duration":0.03029200000128185,"failureMessages":[],"meta":{}},{"ancestorTitles":["InstanceStateMachine – valid transitions"],"fullName":"InstanceStateMachine – valid transitions busy → error","status":"passed","title":"busy → error","duration":0.0395410000000993,"failureMessages":[],"meta":{}},{"ancestorTitles":["InstanceStateMachine – valid transitions"],"fullName":"InstanceStateMachine – valid transitions waiting_for_input → busy","status":"passed","title":"waiting_for_input → busy","duration":0.03445800000008603,"failureMessages":[],"meta":{}},{"ancestorTitles":["InstanceStateMachine – valid transitions"],"fullName":"InstanceStateMachine – valid transitions waiting_for_input → idle","status":"passed","title":"waiting_for_input → idle","duration":0.030584000000089873,"failureMessages":[],"meta":{}},{"ancestorTitles":["InstanceStateMachine – valid transitions"],"fullName":"InstanceStateMachine – valid transitions waiting_for_input → ready","status":"passed","title":"waiting_for_input → ready","duration":0.034166999999797554,"failureMessages":[],"meta":{}},{"ancestorTitles":["InstanceStateMachine – valid transitions"],"fullName":"InstanceStateMachine – valid transitions error → ready","status":"passed","title":"error → ready","duration":0.030832999998892774,"failureMessages":[],"meta":{}},{"ancestorTitles":["InstanceStateMachine – valid transitions"],"fullName":"InstanceStateMachine – valid transitions error → idle","status":"passed","title":"error → idle","duration":0.028291999999055406,"failureMessages":[],"meta":{}},{"ancestorTitles":["InstanceStateMachine – valid transitions"],"fullName":"InstanceStateMachine – valid transitions error → respawning","status":"passed","title":"error → respawning","duration":0.028207999999722233,"failureMessages":[],"meta":{}},{"ancestorTitles":["InstanceStateMachine – valid transitions"],"fullName":"InstanceStateMachine – valid transitions respawning → ready","status":"passed","title":"respawning → ready","duration":0.030375000000276486,"failureMessages":[],"meta":{}},{"ancestorTitles":["InstanceStateMachine – valid transitions"],"fullName":"InstanceStateMachine – valid transitions respawning → idle","status":"passed","title":"respawning → idle","duration":0.028207999999722233,"failureMessages":[],"meta":{}},{"ancestorTitles":["InstanceStateMachine – valid transitions"],"fullName":"InstanceStateMachine – valid transitions respawning → error","status":"passed","title":"respawning → error","duration":0.027791000000433996,"failureMessages":[],"meta":{}},{"ancestorTitles":["InstanceStateMachine – valid transitions"],"fullName":"InstanceStateMachine – valid transitions full hibernation cycle: idle → hibernating → hibernated → waking → ready","status":"passed","title":"full hibernation cycle: idle → hibernating → hibernated → waking → ready","duration":0.053708999999798834,"failureMessages":[],"meta":{}},{"ancestorTitles":["InstanceStateMachine – valid transitions"],"fullName":"InstanceStateMachine – valid transitions waking → error","status":"passed","title":"waking → error","duration":0.02783400000043912,"failureMessages":[],"meta":{}},{"ancestorTitles":["InstanceStateMachine – valid transitions"],"fullName":"InstanceStateMachine – valid transitions idle → waiting_for_input","status":"passed","title":"idle → waiting_for_input","duration":0.0309159999997064,"failureMessages":[],"meta":{}},{"ancestorTitles":["InstanceStateMachine – invalid transitions"],"fullName":"InstanceStateMachine – invalid transitions idle → busy is not allowed","status":"passed","title":"idle → busy is not allowed","duration":0.07720799999879091,"failureMessages":[],"meta":{}},{"ancestorTitles":["InstanceStateMachine – invalid transitions"],"fullName":"InstanceStateMachine – invalid transitions hibernated → idle is not allowed (must go through waking)","status":"passed","title":"hibernated → idle is not allowed (must go through waking)","duration":0.05799999999908323,"failureMessages":[],"meta":{}},{"ancestorTitles":["InstanceStateMachine – invalid transitions"],"fullName":"InstanceStateMachine – invalid transitions hibernated → ready is not allowed (must go through waking)","status":"passed","title":"hibernated → ready is not allowed (must go through waking)","duration":0.055999999998675776,"failureMessages":[],"meta":{}},{"ancestorTitles":["InstanceStateMachine – invalid transitions"],"fullName":"InstanceStateMachine – invalid transitions initializing → busy is not allowed","status":"passed","title":"initializing → busy is not allowed","duration":0.04495899999892572,"failureMessages":[],"meta":{}},{"ancestorTitles":["InstanceStateMachine – invalid transitions"],"fullName":"InstanceStateMachine – invalid transitions initializing → idle is not allowed","status":"passed","title":"initializing → idle is not allowed","duration":0.044499999999970896,"failureMessages":[],"meta":{}},{"ancestorTitles":["InstanceStateMachine – invalid transitions"],"fullName":"InstanceStateMachine – invalid transitions ready → error is not allowed","status":"passed","title":"ready → error is not allowed","duration":0.04466599999977916,"failureMessages":[],"meta":{}},{"ancestorTitles":["InstanceStateMachine – invalid transitions"],"fullName":"InstanceStateMachine – invalid transitions waking → busy is not allowed","status":"passed","title":"waking → busy is not allowed","duration":0.04441600000063772,"failureMessages":[],"meta":{}},{"ancestorTitles":["InstanceStateMachine – invalid transitions"],"fullName":"InstanceStateMachine – invalid transitions hibernating → ready is not allowed (must finish hibernating first)","status":"passed","title":"hibernating → ready is not allowed (must finish hibernating first)","duration":0.043416000000433996,"failureMessages":[],"meta":{}},{"ancestorTitles":["InstanceStateMachine – invalid transitions"],"fullName":"InstanceStateMachine – invalid transitions error → busy is not allowed","status":"passed","title":"error → busy is not allowed","duration":0.04254200000104902,"failureMessages":[],"meta":{}},{"ancestorTitles":["InstanceStateMachine – universal targets (terminated / failed)"],"fullName":"InstanceStateMachine – universal targets (terminated / failed) initializing → terminated","status":"passed","title":"initializing → terminated","duration":0.03262499999982538,"failureMessages":[],"meta":{}},{"ancestorTitles":["InstanceStateMachine – universal targets (terminated / failed)"],"fullName":"InstanceStateMachine – universal targets (terminated / failed) initializing → failed","status":"passed","title":"initializing → failed","duration":0.02937500000007276,"failureMessages":[],"meta":{}},{"ancestorTitles":["InstanceStateMachine – universal targets (terminated / failed)"],"fullName":"InstanceStateMachine – universal targets (terminated / failed) ready → terminated","status":"passed","title":"ready → terminated","duration":0.02016600000024482,"failureMessages":[],"meta":{}},{"ancestorTitles":["InstanceStateMachine – universal targets (terminated / failed)"],"fullName":"InstanceStateMachine – universal targets (terminated / failed) ready → failed","status":"passed","title":"ready → failed","duration":0.019417000001340057,"failureMessages":[],"meta":{}},{"ancestorTitles":["InstanceStateMachine – universal targets (terminated / failed)"],"fullName":"InstanceStateMachine – universal targets (terminated / failed) idle → terminated","status":"passed","title":"idle → terminated","duration":0.019874999999956344,"failureMessages":[],"meta":{}},{"ancestorTitles":["InstanceStateMachine – universal targets (terminated / failed)"],"fullName":"InstanceStateMachine – universal targets (terminated / failed) idle → failed","status":"passed","title":"idle → failed","duration":0.01858399999946414,"failureMessages":[],"meta":{}},{"ancestorTitles":["InstanceStateMachine – universal targets (terminated / failed)"],"fullName":"InstanceStateMachine – universal targets (terminated / failed) busy → terminated","status":"passed","title":"busy → terminated","duration":0.018791000000419444,"failureMessages":[],"meta":{}},{"ancestorTitles":["InstanceStateMachine – universal targets (terminated / failed)"],"fullName":"InstanceStateMachine – universal targets (terminated / failed) busy → failed","status":"passed","title":"busy → failed","duration":0.018000000000029104,"failureMessages":[],"meta":{}},{"ancestorTitles":["InstanceStateMachine – universal targets (terminated / failed)"],"fullName":"InstanceStateMachine – universal targets (terminated / failed) waiting_for_input → terminated","status":"passed","title":"waiting_for_input → terminated","duration":0.01841700000113633,"failureMessages":[],"meta":{}},{"ancestorTitles":["InstanceStateMachine – universal targets (terminated / failed)"],"fullName":"InstanceStateMachine – universal targets (terminated / failed) waiting_for_input → failed","status":"passed","title":"waiting_for_input → failed","duration":0.018749999999272404,"failureMessages":[],"meta":{}},{"ancestorTitles":["InstanceStateMachine – universal targets (terminated / failed)"],"fullName":"InstanceStateMachine – universal targets (terminated / failed) respawning → terminated","status":"passed","title":"respawning → terminated","duration":0.018458999998983927,"failureMessages":[],"meta":{}},{"ancestorTitles":["InstanceStateMachine – universal targets (terminated / failed)"],"fullName":"InstanceStateMachine – universal targets (terminated / failed) respawning → failed","status":"passed","title":"respawning → failed","duration":0.01862500000061118,"failureMessages":[],"meta":{}},{"ancestorTitles":["InstanceStateMachine – universal targets (terminated / failed)"],"fullName":"InstanceStateMachine – universal targets (terminated / failed) hibernating → terminated","status":"passed","title":"hibernating → terminated","duration":0.019624999998995918,"failureMessages":[],"meta":{}},{"ancestorTitles":["InstanceStateMachine – universal targets (terminated / failed)"],"fullName":"InstanceStateMachine – universal targets (terminated / failed) hibernating → failed","status":"passed","title":"hibernating → failed","duration":0.018541999999797554,"failureMessages":[],"meta":{}},{"ancestorTitles":["InstanceStateMachine – universal targets (terminated / failed)"],"fullName":"InstanceStateMachine – universal targets (terminated / failed) hibernated → terminated","status":"passed","title":"hibernated → terminated","duration":0.018500000000130967,"failureMessages":[],"meta":{}},{"ancestorTitles":["InstanceStateMachine – universal targets (terminated / failed)"],"fullName":"InstanceStateMachine – universal targets (terminated / failed) hibernated → failed","status":"passed","title":"hibernated → failed","duration":0.018916000000899658,"failureMessages":[],"meta":{}},{"ancestorTitles":["InstanceStateMachine – universal targets (terminated / failed)"],"fullName":"InstanceStateMachine – universal targets (terminated / failed) waking → terminated","status":"passed","title":"waking → terminated","duration":0.019792000000961707,"failureMessages":[],"meta":{}},{"ancestorTitles":["InstanceStateMachine – universal targets (terminated / failed)"],"fullName":"InstanceStateMachine – universal targets (terminated / failed) waking → failed","status":"passed","title":"waking → failed","duration":0.019417000001340057,"failureMessages":[],"meta":{}},{"ancestorTitles":["InstanceStateMachine – universal targets (terminated / failed)"],"fullName":"InstanceStateMachine – universal targets (terminated / failed) error → terminated","status":"passed","title":"error → terminated","duration":0.024541999999200925,"failureMessages":[],"meta":{}},{"ancestorTitles":["InstanceStateMachine – universal targets (terminated / failed)"],"fullName":"InstanceStateMachine – universal targets (terminated / failed) error → failed","status":"passed","title":"error → failed","duration":0.022541000000273925,"failureMessages":[],"meta":{}},{"ancestorTitles":["InstanceStateMachine – terminal states"],"fullName":"InstanceStateMachine – terminal states no transitions allowed from terminated","status":"passed","title":"no transitions allowed from terminated","duration":0.17762500000026193,"failureMessages":[],"meta":{}},{"ancestorTitles":["InstanceStateMachine – terminal states"],"fullName":"InstanceStateMachine – terminal states no transitions allowed from failed","status":"passed","title":"no transitions allowed from failed","duration":0.16716699999960838,"failureMessages":[],"meta":{}},{"ancestorTitles":["InstanceStateMachine – terminal states"],"fullName":"InstanceStateMachine – terminal states terminated → terminated is not allowed","status":"passed","title":"terminated → terminated is not allowed","duration":0.04787499999838474,"failureMessages":[],"meta":{}},{"ancestorTitles":["InstanceStateMachine – terminal states"],"fullName":"InstanceStateMachine – terminal states failed → failed is not allowed","status":"passed","title":"failed → failed is not allowed","duration":0.058290999999371707,"failureMessages":[],"meta":{}},{"ancestorTitles":["InstanceStateMachine – canTransition()"],"fullName":"InstanceStateMachine – canTransition() returns true for a valid transition","status":"passed","title":"returns true for a valid transition","duration":0.03208400000039546,"failureMessages":[],"meta":{}},{"ancestorTitles":["InstanceStateMachine – canTransition()"],"fullName":"InstanceStateMachine – canTransition() returns false for an invalid transition","status":"passed","title":"returns false for an invalid transition","duration":0.029209000000264496,"failureMessages":[],"meta":{}},{"ancestorTitles":["InstanceStateMachine – canTransition()"],"fullName":"InstanceStateMachine – canTransition() does not mutate state when returning true","status":"passed","title":"does not mutate state when returning true","duration":0.03262499999982538,"failureMessages":[],"meta":{}},{"ancestorTitles":["InstanceStateMachine – canTransition()"],"fullName":"InstanceStateMachine – canTransition() does not mutate state when returning false","status":"passed","title":"does not mutate state when returning false","duration":0.039082999999664025,"failureMessages":[],"meta":{}},{"ancestorTitles":["InstanceStateMachine – canTransition()"],"fullName":"InstanceStateMachine – canTransition() returns true for universal target (terminated) from any non-terminal state","status":"passed","title":"returns true for universal target (terminated) from any non-terminal state","duration":0.030917000000044936,"failureMessages":[],"meta":{}},{"ancestorTitles":["InstanceStateMachine – canTransition()"],"fullName":"InstanceStateMachine – canTransition() returns true for universal target (failed) from any non-terminal state","status":"passed","title":"returns true for universal target (failed) from any non-terminal state","duration":0.028750000001309672,"failureMessages":[],"meta":{}},{"ancestorTitles":["InstanceStateMachine – canTransition()"],"fullName":"InstanceStateMachine – canTransition() returns false from terminal state (terminated)","status":"passed","title":"returns false from terminal state (terminated)","duration":0.04429100000015751,"failureMessages":[],"meta":{}},{"ancestorTitles":["InstanceStateMachine – canTransition()"],"fullName":"InstanceStateMachine – canTransition() returns false from terminal state (failed)","status":"passed","title":"returns false from terminal state (failed)","duration":0.04437499999949068,"failureMessages":[],"meta":{}}],"startTime":1773568649289,"endTime":1773568649292.0583,"status":"passed","message":"","name":"/Users/suas/work/orchestrat0r/claude-orchestrator/src/main/instance/instance-state-machine.spec.ts"},{"assertionResults":[{"ancestorTitles":["InstanceStateManager"],"fullName":"InstanceStateManager preserves queued context usage and diff stats when later updates omit them","status":"passed","title":"preserves queued context usage and diff stats when later updates omit them","duration":0.32345799999893643,"failureMessages":[],"meta":{}}],"startTime":1773568650101,"endTime":1773568650101.3235,"status":"passed","message":"","name":"/Users/suas/work/orchestrat0r/claude-orchestrator/src/main/instance/instance-state.spec.ts"},{"assertionResults":[{"ancestorTitles":["SessionDiffTracker","captureBaseline"],"fullName":"SessionDiffTracker captureBaseline captures the content of an existing file","status":"passed","title":"captures the content of an existing file","duration":1.8953749999982392,"failureMessages":[],"meta":{}},{"ancestorTitles":["SessionDiffTracker","captureBaseline"],"fullName":"SessionDiffTracker captureBaseline does NOT re-capture the same file within the same turn","status":"passed","title":"does NOT re-capture the same file within the same turn","duration":1.2034589999984746,"failureMessages":[],"meta":{}},{"ancestorTitles":["SessionDiffTracker","captureBaseline"],"fullName":"SessionDiffTracker captureBaseline uses empty string as baseline for non-existent files","status":"passed","title":"uses empty string as baseline for non-existent files","duration":0.8890830000000278,"failureMessages":[],"meta":{}},{"ancestorTitles":["SessionDiffTracker","computeDiff"],"fullName":"SessionDiffTracker computeDiff computes additions and deletions across multiple files","status":"passed","title":"computes additions and deletions across multiple files","duration":1.3216249999986758,"failureMessages":[],"meta":{}},{"ancestorTitles":["SessionDiffTracker","computeDiff"],"fullName":"SessionDiffTracker computeDiff detects deleted files (file content becomes empty)","status":"passed","title":"detects deleted files (file content becomes empty)","duration":1.1387080000004062,"failureMessages":[],"meta":{}},{"ancestorTitles":["SessionDiffTracker","computeDiff"],"fullName":"SessionDiffTracker computeDiff returns zero stats when files are unchanged","status":"passed","title":"returns zero stats when files are unchanged","duration":0.8600000000005821,"failureMessages":[],"meta":{}},{"ancestorTitles":["SessionDiffTracker","computeDiff"],"fullName":"SessionDiffTracker computeDiff accumulates stats across multiple computeDiff calls","status":"passed","title":"accumulates stats across multiple computeDiff calls","duration":0.8744999999998981,"failureMessages":[],"meta":{}},{"ancestorTitles":["SessionDiffTracker","computeDiff"],"fullName":"SessionDiffTracker computeDiff clears per-turn baselines after computation","status":"passed","title":"clears per-turn baselines after computation","duration":0.6401670000013837,"failureMessages":[],"meta":{}},{"ancestorTitles":["SessionDiffTracker","binary file handling"],"fullName":"SessionDiffTracker binary file handling counts a binary file as 1 file change with 0 line changes","status":"passed","title":"counts a binary file as 1 file change with 0 line changes","duration":0.56104200000118,"failureMessages":[],"meta":{}},{"ancestorTitles":["SessionDiffTracker","path handling"],"fullName":"SessionDiffTracker path handling resolves relative paths against the working directory","status":"passed","title":"resolves relative paths against the working directory","duration":0.5200829999994312,"failureMessages":[],"meta":{}},{"ancestorTitles":["SessionDiffTracker","path handling"],"fullName":"SessionDiffTracker path handling ignores files outside the working directory","status":"passed","title":"ignores files outside the working directory","duration":1.0579589999997552,"failureMessages":[],"meta":{}},{"ancestorTitles":["SessionDiffTracker","path handling"],"fullName":"SessionDiffTracker path handling returns file paths as relative to the working directory in stats","status":"passed","title":"returns file paths as relative to the working directory in stats","duration":0.9024579999986599,"failureMessages":[],"meta":{}},{"ancestorTitles":["SessionDiffTracker","reset"],"fullName":"SessionDiffTracker reset clears all accumulated stats and baselines","status":"passed","title":"clears all accumulated stats and baselines","duration":0.7183329999988928,"failureMessages":[],"meta":{}}],"startTime":1773568648473,"endTime":1773568648485.9023,"status":"passed","message":"","name":"/Users/suas/work/orchestrat0r/claude-orchestrator/src/main/instance/session-diff-tracker.spec.ts"},{"assertionResults":[{"ancestorTitles":["Claude provider"],"fullName":"Claude provider extracts file_path from Write","status":"passed","title":"extracts file_path from Write","duration":0.39758400000027905,"failureMessages":[],"meta":{}},{"ancestorTitles":["Claude provider"],"fullName":"Claude provider extracts file_path from Write tool_result messages","status":"passed","title":"extracts file_path from Write tool_result messages","duration":0.10291700000016135,"failureMessages":[],"meta":{}},{"ancestorTitles":["Claude provider"],"fullName":"Claude provider extracts file_path from Edit","status":"passed","title":"extracts file_path from Edit","duration":0.16612499999973807,"failureMessages":[],"meta":{}},{"ancestorTitles":["Claude provider"],"fullName":"Claude provider extracts file_paths from MultiEdit","status":"passed","title":"extracts file_paths from MultiEdit","duration":0.20170799999868905,"failureMessages":[],"meta":{}},{"ancestorTitles":["Claude provider"],"fullName":"Claude provider extracts redirect target from Bash >","status":"passed","title":"extracts redirect target from Bash >","duration":0.3458329999994021,"failureMessages":[],"meta":{}},{"ancestorTitles":["Claude provider"],"fullName":"Claude provider extracts append redirect target from Bash >>","status":"passed","title":"extracts append redirect target from Bash >>","duration":0.21766700000080164,"failureMessages":[],"meta":{}},{"ancestorTitles":["Claude provider"],"fullName":"Claude provider extracts tee target from Bash","status":"passed","title":"extracts tee target from Bash","duration":0.060124999999970896,"failureMessages":[],"meta":{}},{"ancestorTitles":["Claude provider"],"fullName":"Claude provider extracts sed -i target from Bash","status":"passed","title":"extracts sed -i target from Bash","duration":0.06433300000026065,"failureMessages":[],"meta":{}},{"ancestorTitles":["Claude provider"],"fullName":"Claude provider ignores Read tool","status":"passed","title":"ignores Read tool","duration":0.049250000000029104,"failureMessages":[],"meta":{}},{"ancestorTitles":["Claude provider"],"fullName":"Claude provider ignores Glob tool","status":"passed","title":"ignores Glob tool","duration":0.049833000000944594,"failureMessages":[],"meta":{}},{"ancestorTitles":["Claude provider"],"fullName":"Claude provider ignores Grep tool","status":"passed","title":"ignores Grep tool","duration":0.04475000000093132,"failureMessages":[],"meta":{}},{"ancestorTitles":["Claude provider"],"fullName":"Claude provider ignores WebSearch tool","status":"passed","title":"ignores WebSearch tool","duration":0.04529199999888078,"failureMessages":[],"meta":{}},{"ancestorTitles":["Claude provider"],"fullName":"Claude provider ignores Agent tool","status":"passed","title":"ignores Agent tool","duration":0.03862499999922875,"failureMessages":[],"meta":{}},{"ancestorTitles":["Claude provider"],"fullName":"Claude provider ignores TodoWrite tool","status":"passed","title":"ignores TodoWrite tool","duration":0.03633300000001327,"failureMessages":[],"meta":{}},{"ancestorTitles":["Claude provider"],"fullName":"Claude provider ignores LS tool","status":"passed","title":"ignores LS tool","duration":0.0364160000008269,"failureMessages":[],"meta":{}},{"ancestorTitles":["Codex provider"],"fullName":"Codex provider extracts path from write_file","status":"passed","title":"extracts path from write_file","duration":0.0814170000012382,"failureMessages":[],"meta":{}},{"ancestorTitles":["Codex provider"],"fullName":"Codex provider extracts destination paths from apply_patch","status":"passed","title":"extracts destination paths from apply_patch","duration":0.20633400000042457,"failureMessages":[],"meta":{}},{"ancestorTitles":["Codex provider"],"fullName":"Codex provider extracts redirect target from shell command","status":"passed","title":"extracts redirect target from shell command","duration":0.05537499999991269,"failureMessages":[],"meta":{}},{"ancestorTitles":["Codex provider"],"fullName":"Codex provider ignores read_file tool","status":"passed","title":"ignores read_file tool","duration":0.0384169999997539,"failureMessages":[],"meta":{}},{"ancestorTitles":["Codex provider"],"fullName":"Codex provider ignores list_dir tool","status":"passed","title":"ignores list_dir tool","duration":0.03504199999952107,"failureMessages":[],"meta":{}},{"ancestorTitles":["Gemini provider"],"fullName":"Gemini provider extracts path from edit_file","status":"passed","title":"extracts path from edit_file","duration":0.060833999999886146,"failureMessages":[],"meta":{}},{"ancestorTitles":["Gemini provider"],"fullName":"Gemini provider extracts path from write_file","status":"passed","title":"extracts path from write_file","duration":0.04195799999979499,"failureMessages":[],"meta":{}},{"ancestorTitles":["Gemini provider"],"fullName":"Gemini provider extracts mv destination from shell command","status":"passed","title":"extracts mv destination from shell command","duration":0.05100000000129512,"failureMessages":[],"meta":{}},{"ancestorTitles":["Copilot provider"],"fullName":"Copilot provider extracts path from editFile","status":"passed","title":"extracts path from editFile","duration":0.058042000000568805,"failureMessages":[],"meta":{}},{"ancestorTitles":["Copilot provider"],"fullName":"Copilot provider extracts path from createFile","status":"passed","title":"extracts path from createFile","duration":0.040790999999444466,"failureMessages":[],"meta":{}},{"ancestorTitles":["Copilot provider"],"fullName":"Copilot provider extracts cp destination from runCommand","status":"passed","title":"extracts cp destination from runCommand","duration":0.05049999999937427,"failureMessages":[],"meta":{}},{"ancestorTitles":["Copilot provider"],"fullName":"Copilot provider ignores readFile tool","status":"passed","title":"ignores readFile tool","duration":0.03545800000028976,"failureMessages":[],"meta":{}},{"ancestorTitles":["Copilot provider"],"fullName":"Copilot provider ignores listFiles tool","status":"passed","title":"ignores listFiles tool","duration":0.034749999998894054,"failureMessages":[],"meta":{}},{"ancestorTitles":["Copilot provider"],"fullName":"Copilot provider ignores searchFiles tool","status":"passed","title":"ignores searchFiles tool","duration":0.03558399999928952,"failureMessages":[],"meta":{}},{"ancestorTitles":["Cross-cutting"],"fullName":"Cross-cutting returns empty array for non-tool_use messages (assistant)","status":"passed","title":"returns empty array for non-tool_use messages (assistant)","duration":0.044125000000349246,"failureMessages":[],"meta":{}},{"ancestorTitles":["Cross-cutting"],"fullName":"Cross-cutting extracts file paths from tool_result messages","status":"passed","title":"extracts file paths from tool_result messages","duration":0.04679199999918637,"failureMessages":[],"meta":{}},{"ancestorTitles":["Cross-cutting"],"fullName":"Cross-cutting returns empty array for system messages","status":"passed","title":"returns empty array for system messages","duration":0.03816699999879347,"failureMessages":[],"meta":{}},{"ancestorTitles":["Cross-cutting"],"fullName":"Cross-cutting returns empty array for user messages","status":"passed","title":"returns empty array for user messages","duration":0.034374999999272404,"failureMessages":[],"meta":{}},{"ancestorTitles":["Cross-cutting"],"fullName":"Cross-cutting filters out paths outside the working directory","status":"passed","title":"filters out paths outside the working directory","duration":0.0747079999982816,"failureMessages":[],"meta":{}},{"ancestorTitles":["Cross-cutting"],"fullName":"Cross-cutting filters bash redirect targeting path outside working directory","status":"passed","title":"filters bash redirect targeting path outside working directory","duration":0.052625000000261934,"failureMessages":[],"meta":{}},{"ancestorTitles":["Cross-cutting"],"fullName":"Cross-cutting resolves relative paths against the working directory","status":"passed","title":"resolves relative paths against the working directory","duration":0.0647079999998823,"failureMessages":[],"meta":{}},{"ancestorTitles":["Cross-cutting"],"fullName":"Cross-cutting deduplicates identical paths","status":"passed","title":"deduplicates identical paths","duration":0.07300000000032014,"failureMessages":[],"meta":{}},{"ancestorTitles":["Cross-cutting"],"fullName":"Cross-cutting returns empty array when metadata is absent","status":"passed","title":"returns empty array when metadata is absent","duration":0.03862500000104774,"failureMessages":[],"meta":{}},{"ancestorTitles":["Cross-cutting"],"fullName":"Cross-cutting uses generic fallback for unknown provider","status":"passed","title":"uses generic fallback for unknown provider","duration":0.07016699999985576,"failureMessages":[],"meta":{}},{"ancestorTitles":["Cross-cutting"],"fullName":"Cross-cutting uses generic fallback for unknown provider with path field","status":"passed","title":"uses generic fallback for unknown provider with path field","duration":0.053374999999505235,"failureMessages":[],"meta":{}}],"startTime":1773568648675,"endTime":1773568648678.0747,"status":"passed","message":"","name":"/Users/suas/work/orchestrat0r/claude-orchestrator/src/main/instance/tool-output-parser.spec.ts"},{"assertionResults":[{"ancestorTitles":["WarmStartManager","preWarm"],"fullName":"WarmStartManager preWarm spawns a process with the correct provider and workingDirectory","status":"passed","title":"spawns a process with the correct provider and workingDirectory","duration":0.611125000001266,"failureMessages":[],"meta":{}},{"ancestorTitles":["WarmStartManager","preWarm"],"fullName":"WarmStartManager preWarm kills an existing warm process before spawning a new one","status":"passed","title":"kills an existing warm process before spawning a new one","duration":0.45079200000145647,"failureMessages":[],"meta":{}},{"ancestorTitles":["WarmStartManager","preWarm"],"fullName":"WarmStartManager preWarm is a no-op when the manager is disabled","status":"passed","title":"is a no-op when the manager is disabled","duration":0.176499999999578,"failureMessages":[],"meta":{}},{"ancestorTitles":["WarmStartManager","preWarm"],"fullName":"WarmStartManager preWarm logs a warning and does not throw when spawning fails","status":"passed","title":"logs a warning and does not throw when spawning fails","duration":0.6706670000003214,"failureMessages":[],"meta":{}},{"ancestorTitles":["WarmStartManager","consume"],"fullName":"WarmStartManager consume returns the adapter when provider matches","status":"passed","title":"returns the adapter when provider matches","duration":0.24274999999943248,"failureMessages":[],"meta":{}},{"ancestorTitles":["WarmStartManager","consume"],"fullName":"WarmStartManager consume clears the warm slot after a successful consume","status":"passed","title":"clears the warm slot after a successful consume","duration":0.2019159999999829,"failureMessages":[],"meta":{}},{"ancestorTitles":["WarmStartManager","consume"],"fullName":"WarmStartManager consume returns null when provider does not match and keeps the warm process","status":"passed","title":"returns null when provider does not match and keeps the warm process","duration":0.18366600000081235,"failureMessages":[],"meta":{}},{"ancestorTitles":["WarmStartManager","consume"],"fullName":"WarmStartManager consume returns null when workingDirectory does not match and keeps the warm process","status":"passed","title":"returns null when workingDirectory does not match and keeps the warm process","duration":0.6024170000000595,"failureMessages":[],"meta":{}},{"ancestorTitles":["WarmStartManager","consume"],"fullName":"WarmStartManager consume returns the adapter when provider AND workingDirectory both match","status":"passed","title":"returns the adapter when provider AND workingDirectory both match","duration":0.1944999999996071,"failureMessages":[],"meta":{}},{"ancestorTitles":["WarmStartManager","consume"],"fullName":"WarmStartManager consume returns null when there is no warm process","status":"passed","title":"returns null when there is no warm process","duration":0.14895900000010442,"failureMessages":[],"meta":{}},{"ancestorTitles":["WarmStartManager","consume"],"fullName":"WarmStartManager consume cancels the expiry timer when consumed","status":"passed","title":"cancels the expiry timer when consumed","duration":0.3961249999993015,"failureMessages":[],"meta":{}},{"ancestorTitles":["WarmStartManager","hasWarm"],"fullName":"WarmStartManager hasWarm returns true when a warm process exists for the provider","status":"passed","title":"returns true when a warm process exists for the provider","duration":0.15754199999901175,"failureMessages":[],"meta":{}},{"ancestorTitles":["WarmStartManager","hasWarm"],"fullName":"WarmStartManager hasWarm returns false when no warm process exists","status":"passed","title":"returns false when no warm process exists","duration":0.10604100000091421,"failureMessages":[],"meta":{}},{"ancestorTitles":["WarmStartManager","hasWarm"],"fullName":"WarmStartManager hasWarm returns false when a warm process exists for a different provider","status":"passed","title":"returns false when a warm process exists for a different provider","duration":0.1454169999997248,"failureMessages":[],"meta":{}},{"ancestorTitles":["WarmStartManager","hasWarm"],"fullName":"WarmStartManager hasWarm returns true when provider and workingDirectory both match","status":"passed","title":"returns true when provider and workingDirectory both match","duration":0.15416699999877892,"failureMessages":[],"meta":{}},{"ancestorTitles":["WarmStartManager","hasWarm"],"fullName":"WarmStartManager hasWarm returns false when provider matches but workingDirectory does not","status":"passed","title":"returns false when provider matches but workingDirectory does not","duration":0.14645800000107556,"failureMessages":[],"meta":{}},{"ancestorTitles":["WarmStartManager","hasWarm"],"fullName":"WarmStartManager hasWarm returns true when provider matches and no workingDirectory filter given","status":"passed","title":"returns true when provider matches and no workingDirectory filter given","duration":0.15145900000061374,"failureMessages":[],"meta":{}},{"ancestorTitles":["WarmStartManager","setEnabled"],"fullName":"WarmStartManager setEnabled kills the warm process immediately when disabled","status":"passed","title":"kills the warm process immediately when disabled","duration":0.33833299999969313,"failureMessages":[],"meta":{}},{"ancestorTitles":["WarmStartManager","setEnabled"],"fullName":"WarmStartManager setEnabled allows preWarm again after being re-enabled","status":"passed","title":"allows preWarm again after being re-enabled","duration":0.3562500000007276,"failureMessages":[],"meta":{}},{"ancestorTitles":["WarmStartManager","timer expiry"],"fullName":"WarmStartManager timer expiry kills the warm process after 5 minutes","status":"passed","title":"kills the warm process after 5 minutes","duration":0.639208000000508,"failureMessages":[],"meta":{}},{"ancestorTitles":["WarmStartManager","timer expiry"],"fullName":"WarmStartManager timer expiry does not kill if less than 5 minutes have passed","status":"passed","title":"does not kill if less than 5 minutes have passed","duration":0.5006659999999101,"failureMessages":[],"meta":{}},{"ancestorTitles":["WarmStartManager","cleanup"],"fullName":"WarmStartManager cleanup kills the warm process when one exists","status":"passed","title":"kills the warm process when one exists","duration":0.427958000000217,"failureMessages":[],"meta":{}},{"ancestorTitles":["WarmStartManager","cleanup"],"fullName":"WarmStartManager cleanup is idempotent — calling twice does not throw or double-kill","status":"passed","title":"is idempotent — calling twice does not throw or double-kill","duration":0.23208299999896553,"failureMessages":[],"meta":{}},{"ancestorTitles":["WarmStartManager","cleanup"],"fullName":"WarmStartManager cleanup is a no-op when there is no warm process","status":"passed","title":"is a no-op when there is no warm process","duration":0.20287500000085856,"failureMessages":[],"meta":{}}],"startTime":1773568649032,"endTime":1773568649039.428,"status":"passed","message":"","name":"/Users/suas/work/orchestrat0r/claude-orchestrator/src/main/instance/warm-start-manager.spec.ts"},{"assertionResults":[{"ancestorTitles":["ABTestingEngine","Experiment Creation"],"fullName":"ABTestingEngine Experiment Creation should create an experiment with default values","status":"passed","title":"should create an experiment with default values","duration":0.7160839999996824,"failureMessages":[],"meta":{}},{"ancestorTitles":["ABTestingEngine","Experiment Creation"],"fullName":"ABTestingEngine Experiment Creation should normalize variant weights","status":"passed","title":"should normalize variant weights","duration":0.18325000000004366,"failureMessages":[],"meta":{}},{"ancestorTitles":["ABTestingEngine","Experiment Creation"],"fullName":"ABTestingEngine Experiment Creation should generate unique IDs for variants","status":"passed","title":"should generate unique IDs for variants","duration":0.19800000000032014,"failureMessages":[],"meta":{}},{"ancestorTitles":["ABTestingEngine","Experiment Lifecycle"],"fullName":"ABTestingEngine Experiment Lifecycle should start a draft experiment","status":"passed","title":"should start a draft experiment","duration":0.16279099999883329,"failureMessages":[],"meta":{}},{"ancestorTitles":["ABTestingEngine","Experiment Lifecycle"],"fullName":"ABTestingEngine Experiment Lifecycle should pause a running experiment","status":"passed","title":"should pause a running experiment","duration":0.09054199999991397,"failureMessages":[],"meta":{}},{"ancestorTitles":["ABTestingEngine","Experiment Lifecycle"],"fullName":"ABTestingEngine Experiment Lifecycle should complete an experiment manually","status":"passed","title":"should complete an experiment manually","duration":0.16266600000017206,"failureMessages":[],"meta":{}},{"ancestorTitles":["ABTestingEngine","Experiment Lifecycle"],"fullName":"ABTestingEngine Experiment Lifecycle should not start a completed experiment","status":"passed","title":"should not start a completed experiment","duration":0.08566599999903701,"failureMessages":[],"meta":{}},{"ancestorTitles":["ABTestingEngine","Experiment Lifecycle"],"fullName":"ABTestingEngine Experiment Lifecycle should respect max concurrent experiments limit","status":"passed","title":"should respect max concurrent experiments limit","duration":0.11658400000123947,"failureMessages":[],"meta":{}},{"ancestorTitles":["ABTestingEngine","Variant Selection"],"fullName":"ABTestingEngine Variant Selection should return null when no running experiment for task type","status":"passed","title":"should return null when no running experiment for task type","duration":0.08204200000000128,"failureMessages":[],"meta":{}},{"ancestorTitles":["ABTestingEngine","Variant Selection"],"fullName":"ABTestingEngine Variant Selection should select a variant from running experiment","status":"passed","title":"should select a variant from running experiment","duration":0.17220799999995506,"failureMessages":[],"meta":{}},{"ancestorTitles":["ABTestingEngine","Variant Selection"],"fullName":"ABTestingEngine Variant Selection should maintain consistent assignment for same session","status":"passed","title":"should maintain consistent assignment for same session","duration":0.08470800000031886,"failureMessages":[],"meta":{}},{"ancestorTitles":["ABTestingEngine","Variant Selection"],"fullName":"ABTestingEngine Variant Selection should follow weighted distribution","status":"passed","title":"should follow weighted distribution","duration":0.4711250000000291,"failureMessages":[],"meta":{}},{"ancestorTitles":["ABTestingEngine","Outcome Recording"],"fullName":"ABTestingEngine Outcome Recording should record successful outcome","status":"passed","title":"should record successful outcome","duration":0.2955419999998412,"failureMessages":[],"meta":{}},{"ancestorTitles":["ABTestingEngine","Outcome Recording"],"fullName":"ABTestingEngine Outcome Recording should calculate running averages correctly","status":"passed","title":"should calculate running averages correctly","duration":0.12295799999992596,"failureMessages":[],"meta":{}},{"ancestorTitles":["ABTestingEngine","Winner Detection"],"fullName":"ABTestingEngine Winner Detection should return null when minimum samples not reached","status":"passed","title":"should return null when minimum samples not reached","duration":0.13412500000049477,"failureMessages":[],"meta":{}},{"ancestorTitles":["ABTestingEngine","Winner Detection"],"fullName":"ABTestingEngine Winner Detection should detect winner when statistically significant","status":"passed","title":"should detect winner when statistically significant","duration":0.19995899999958056,"failureMessages":[],"meta":{}},{"ancestorTitles":["ABTestingEngine","Winner Detection"],"fullName":"ABTestingEngine Winner Detection should auto-complete experiment when winner is detected","status":"passed","title":"should auto-complete experiment when winner is detected","duration":0.07791700000052515,"failureMessages":[],"meta":{}},{"ancestorTitles":["ABTestingEngine","Experiment Queries"],"fullName":"ABTestingEngine Experiment Queries should list experiments filtered by status","status":"passed","title":"should list experiments filtered by status","duration":0.18025000000125146,"failureMessages":[],"meta":{}},{"ancestorTitles":["ABTestingEngine","Experiment Queries"],"fullName":"ABTestingEngine Experiment Queries should get experiments by task type","status":"passed","title":"should get experiments by task type","duration":0.09545900000011898,"failureMessages":[],"meta":{}},{"ancestorTitles":["ABTestingEngine","Experiment Queries"],"fullName":"ABTestingEngine Experiment Queries should return correct stats","status":"passed","title":"should return correct stats","duration":0.16520800000034797,"failureMessages":[],"meta":{}},{"ancestorTitles":["ABTestingEngine","Experiment Deletion"],"fullName":"ABTestingEngine Experiment Deletion should delete an experiment and its data","status":"passed","title":"should delete an experiment and its data","duration":0.095208000000639,"failureMessages":[],"meta":{}},{"ancestorTitles":["ABTestingEngine","Expe
[...]
ta":{}},{"ancestorTitles":["ExportPanelComponent","JSON Export"],"fullName":"ExportPanelComponent JSON Export should exclude metadata when disabled","status":"passed","title":"should exclude metadata when disabled","duration":5.950375000000349,"failureMessages":[],"meta":{}},{"ancestorTitles":["ExportPanelComponent","JSON Export"],"fullName":"ExportPanelComponent JSON Export should include synthesis when enabled","status":"passed","title":"should include synthesis when enabled","duration":6.083125000000109,"failureMessages":[],"meta":{}},{"ancestorTitles":["ExportPanelComponent","JSON Export"],"fullName":"ExportPanelComponent JSON Export should include consensus matrix when enabled","status":"passed","title":"should include consensus matrix when enabled","duration":6.4169169999995574,"failureMessages":[],"meta":{}},{"ancestorTitles":["ExportPanelComponent","HTML Export"],"fullName":"ExportPanelComponent HTML Export should generate valid HTML structure","status":"passed","title":"should generate valid HTML structure","duration":6.870874999999614,"failureMessages":[],"meta":{}},{"ancestorTitles":["ExportPanelComponent","HTML Export"],"fullName":"ExportPanelComponent HTML Export should include title with result ID","status":"passed","title":"should include title with result ID","duration":7.396042000000307,"failureMessages":[],"meta":{}},{"ancestorTitles":["ExportPanelComponent","HTML Export"],"fullName":"ExportPanelComponent HTML Export should include basic styles","status":"passed","title":"should include basic styles","duration":5.77599999999984,"failureMessages":[],"meta":{}},{"ancestorTitles":["ExportPanelComponent","Copy to Clipboard"],"fullName":"ExportPanelComponent Copy to Clipboard should copy content to clipboard","status":"passed","title":"should copy content to clipboard","duration":7.369375000000218,"failureMessages":[],"meta":{}},{"ancestorTitles":["ExportPanelComponent","Copy to Clipboard"],"fullName":"ExportPanelComponent Copy to Clipboard should show copied state after copying","status":"passed","title":"should show copied state after copying","duration":6.9797499999995125,"failureMessages":[],"meta":{}},{"ancestorTitles":["ExportPanelComponent","Copy to Clipboard"],"fullName":"ExportPanelComponent Copy to Clipboard should reset copied state after timeout","status":"passed","title":"should reset copied state after timeout","duration":6.195832999999766,"failureMessages":[],"meta":{}},{"ancestorTitles":["ExportPanelComponent","Copy to Clipboard"],"fullName":"ExportPanelComponent Copy to Clipboard should copy the full export content","status":"passed","title":"should copy the full export content","duration":6.3625829999991765,"failureMessages":[],"meta":{}},{"ancestorTitles":["ExportPanelComponent","File Download"],"fullName":"ExportPanelComponent File Download should create blob URL for download","status":"passed","title":"should create blob URL for download","duration":6.744915999999648,"failureMessages":[],"meta":{}},{"ancestorTitles":["ExportPanelComponent","File Download"],"fullName":"ExportPanelComponent File Download should create anchor element for download","status":"passed","title":"should create anchor element for download","duration":7.490292000000409,"failureMessages":[],"meta":{}},{"ancestorTitles":["ExportPanelComponent","File Download"],"fullName":"ExportPanelComponent File Download should trigger click on anchor","status":"passed","title":"should trigger click on anchor","duration":6.5361669999992955,"failureMessages":[],"meta":{}},{"ancestorTitles":["ExportPanelComponent","File Download"],"fullName":"ExportPanelComponent File Download should revoke blob URL after download","status":"passed","title":"should revoke blob URL after download","duration":6.493999999999687,"failureMessages":[],"meta":{}},{"ancestorTitles":["ExportPanelComponent","File Download"],"fullName":"ExportPanelComponent File Download should use correct filename with format extension","status":"passed","title":"should use correct filename with format extension","duration":6.5338330000004134,"failureMessages":[],"meta":{}},{"ancestorTitles":["ExportPanelComponent","File Download"],"fullName":"ExportPanelComponent File Download should set isExporting state during export","status":"passed","title":"should set isExporting state during export","duration":11.004166000000623,"failureMessages":[],"meta":{}},{"ancestorTitles":["ExportPanelComponent","Modal Behavior"],"fullName":"ExportPanelComponent Modal Behavior should emit close event when backdrop clicked","status":"passed","title":"should emit close event when backdrop clicked","duration":7.229750000000422,"failureMessages":[],"meta":{}},{"ancestorTitles":["ExportPanelComponent","Modal Behavior"],"fullName":"ExportPanelComponent Modal Behavior should NOT close when modal content clicked","status":"passed","title":"should NOT close when modal content clicked","duration":7.497041999999965,"failureMessages":[],"meta":{}},{"ancestorTitles":["ExportPanelComponent","Modal Behavior"],"fullName":"ExportPanelComponent Modal Behavior should emit close when close button clicked","status":"passed","title":"should emit close when close button clicked","duration":7.326708999999937,"failureMessages":[],"meta":{}},{"ancestorTitles":["ExportPanelComponent","Modal Behavior"],"fullName":"ExportPanelComponent Modal Behavior should emit close when cancel button clicked","status":"passed","title":"should emit close when cancel button clicked","duration":6.666834000000563,"failureMessages":[],"meta":{}},{"ancestorTitles":["ExportPanelComponent","Export Event"],"fullName":"ExportPanelComponent Export Event should emit exportComplete with format and content","status":"passed","title":"should emit exportComplete with format and content","duration":8.961249999999382,"failureMessages":[],"meta":{}},{"ancestorTitles":["ExportPanelComponent","Export Event"],"fullName":"ExportPanelComponent Export Event should emit correct format when JSON selected","status":"passed","title":"should emit correct format when JSON selected","duration":7.154083000000355,"failureMessages":[],"meta":{}},{"ancestorTitles":["ExportPanelComponent","Edge Cases"],"fullName":"ExportPanelComponent Edge Cases should handle result with no responses","status":"passed","title":"should handle result with no responses","duration":6.975499999999556,"failureMessages":[],"meta":{}},{"ancestorTitles":["ExportPanelComponent","Edge Cases"],"fullName":"ExportPanelComponent Edge Cases should handle result with no debate rounds","status":"passed","title":"should handle result with no debate rounds","duration":6.8914590000003955,"failureMessages":[],"meta":{}},{"ancestorTitles":["ExportPanelComponent","Edge Cases"],"fullName":"ExportPanelComponent Edge Cases should handle result with no consensus matrix","status":"passed","title":"should handle result with no consensus matrix","duration":6.804667000000336,"failureMessages":[],"meta":{}},{"ancestorTitles":["ExportPanelComponent","Edge Cases"],"fullName":"ExportPanelComponent Edge Cases should handle empty prompt","status":"passed","title":"should handle empty prompt","duration":6.965707999999722,"failureMessages":[],"meta":{}}],"startTime":1773568644834,"endTime":1773568645212.9658,"status":"passed","message":"","name":"/Users/suas/work/orchestrat0r/claude-orchestrator/src/renderer/app/features/verification/results/export-panel.component.spec.ts"},{"assertionResults":[{"ancestorTitles":["VerificationResultsComponent","Component Creation"],"fullName":"VerificationResultsComponent Component Creation should create the component","status":"passed","title":"should create the component","duration":52.952208000000155,"failureMessages":[],"meta":{}},{"ancestorTitles":["VerificationResultsComponent","Component Creation"],"fullName":"VerificationResultsComponent Component Creation should initialize with summary tab selected","status":"passed","title":"should initialize with summary tab selected","duration":24.365582999999788,"failureMessages":[],"meta":{}},{"ancestorTitles":["VerificationResultsComponent","Component Creation"],"fullName":"VerificationResultsComponent Component Creation should display result when available","status":"passed","title":"should display result when available","duration":22.538790999999947,"failureMessages":[],"meta":{}},{"ancestorTitles":["VerificationResultsComponent","Component Creation"],"fullName":"VerificationResultsComponent Component Creation should show empty state when no result","status":"passed","title":"should show empty state when no result","duration":22.432166999999936,"failureMessages":[],"meta":{}},{"ancestorTitles":["VerificationResultsComponent","Tab Navigation"],"fullName":"VerificationResultsComponent Tab Navigation should have all expected tabs","status":"passed","title":"should have all expected tabs","duration":22.086499999999887,"failureMessages":[],"meta":{}},{"ancestorTitles":["VerificationResultsComponent","Tab Navigation"],"fullName":"VerificationResultsComponent Tab Navigation should switch to comparison tab","status":"passed","title":"should switch to comparison tab","duration":20.08075000000008,"failureMessages":[],"meta":{}},{"ancestorTitles":["VerificationResultsComponent","Tab Navigation"],"fullName":"VerificationResultsComponent Tab Navigation should switch to debate tab when debate rounds exist","status":"passed","title":"should switch to debate tab when debate rounds exist","duration":22.4861249999999,"failureMessages":[],"meta":{}},{"ancestorTitles":["VerificationResultsComponent","Tab Navigation"],"fullName":"VerificationResultsComponent Tab Navigation should switch to raw tab","status":"passed","title":"should switch to raw tab","duration":20.952208999999584,"failureMessages":[],"meta":{}},{"ancestorTitles":["VerificationResultsComponent","Tab Navigation"],"fullName":"VerificationResultsComponent Tab Navigation should show debate tab only when debate rounds exist","status":"passed","title":"should show debate tab only when debate rounds exist","duration":18.323417000000063,"failureMessages":[],"meta":{}},{"ancestorTitles":["VerificationResultsComponent","Tab Navigation"],"fullName":"VerificationResultsComponent Tab Navigation should hide debate tab when no debate rounds","status":"passed","title":"should hide debate tab when no debate rounds","duration":19.994457999999668,"failureMessages":[],"meta":{}},{"ancestorTitles":["VerificationResultsComponent","Summary Tab"],"fullName":"VerificationResultsComponent Summary Tab should display synthesized response","status":"passed","title":"should display synthesized response","duration":17.26633300000003,"failureMessages":[],"meta":{}},{"ancestorTitles":["VerificationResultsComponent","Summary Tab"],"fullName":"VerificationResultsComponent Summary Tab should display confidence badge","status":"passed","title":"should display confidence badge","duration":18.805582999999388,"failureMessages":[],"meta":{}},{"ancestorTitles":["VerificationResultsComponent","Summary Tab"],"fullName":"VerificationResultsComponent Summary Tab should apply correct confidence class for high confidence","status":"passed","title":"should apply correct confidence class for high confidence","duration":18.460541000000376,"failureMessages":[],"meta":{}},{"ancestorTitles":["VerificationResultsComponent","Summary Tab"],"fullName":"VerificationResultsComponent Summary Tab should apply medium class for medium confidence","status":"passed","title":"should apply medium class for medium confidence","duration":19.852584000000206,"failureMessages":[],"meta":{}},{"ancestorTitles":["VerificationResultsComponent","Summary Tab"],"fullName":"VerificationResultsComponent Summary Tab should apply low class for low confidence","status":"passed","title":"should apply low class for low confidence","duration":19.885541000000558,"failureMessages":[],"meta":{}},{"ancestorTitles":["VerificationResultsComponent","Summary Tab"],"fullName":"VerificationResultsComponent Summary Tab should display synthesis method","status":"passed","title":"should display synthesis method","duration":17.037666000000172,"failureMessages":[],"meta":{}},{"ancestorTitles":["VerificationResultsComponent","Summary Tab"],"fullName":"VerificationResultsComponent Summary Tab should display agreement summary","status":"passed","title":"should display agreement summary","duration":16.443833000000268,"failureMessages":[],"meta":{}},{"ancestorTitles":["VerificationResultsComponent","Comparison Tab"],"fullName":"VerificationResultsComponent Comparison Tab should display agent comparison cards","status":"passed","title":"should display agent comparison cards","duration":20.61658299999999,"failureMessages":[],"meta":{}},{"ancestorTitles":["VerificationResultsComponent","Comparison Tab"],"fullName":"VerificationResultsComponent Comparison Tab should show agent names","status":"passed","title":"should show agent names","duration":19.79308299999957,"failureMessages":[],"meta":{}},{"ancestorTitles":["VerificationResultsComponent","Comparison Tab"],"fullName":"VerificationResultsComponent Comparison Tab should show agent personalities","status":"passed","title":"should show agent personalities","duration":19.544042000000445,"failureMessages":[],"meta":{}},{"ancestorTitles":["VerificationResultsComponent","Comparison Tab"],"fullName":"VerificationResultsComponent Comparison Tab should display comparison cards","status":"passed","title":"should display comparison cards","duration":20.732707999999548,"failureMessages":[],"meta":{}},{"ancestorTitles":["VerificationResultsComponent","Debate Tab"],"fullName":"VerificationResultsComponent Debate Tab should display debate rounds","status":"passed","title":"should display debate rounds","duration":18.20283399999971,"failureMessages":[],"meta":{}},{"ancestorTitles":["VerificationResultsComponent","Debate Tab"],"fullName":"VerificationResultsComponent Debate Tab should show round numbers","status":"passed","title":"should show round numbers","duration":21.019750000000386,"failureMessages":[],"meta":{}},{"ancestorTitles":["VerificationResultsComponent","Debate Tab"],"fullName":"VerificationResultsComponent Debate Tab should display round info when selected","status":"passed","title":"should display round info when selected","duration":17.09204099999988,"failureMessages":[],"meta":{}},{"ancestorTitles":["VerificationResultsComponent","Raw Responses Tab"],"fullName":"VerificationResultsComponent Raw Responses Tab should display all raw responses","status":"passed","title":"should display all raw responses","duration":18.95716700000048,"failureMessages":[],"meta":{}},{"ancestorTitles":["VerificationResultsComponent","Raw Responses Tab"],"fullName":"VerificationResultsComponent Raw Responses Tab should show full response content","status":"passed","title":"should show full response content","duration":18.91479100000015,"failureMessages":[],"meta":{}},{"ancestorTitles":["VerificationResultsComponent","Raw Responses Tab"],"fullName":"VerificationResultsComponent Raw Responses Tab should have copy button for each response","status":"passed","title":"should have copy button for each response","duration":18.528666999999587,"failureMessages":[],"meta":{}},{"ancestorTitles":["VerificationResultsComponent","Copy Functionality"],"fullName":"VerificationResultsComponent Copy Functionality should copy summary to clipboard","status":"passed","title":"should copy summary to clipboard","duration":18.042208000000755,"failureMessages":[],"meta":{}},{"ancestorTitles":["VerificationResultsComponent","Copy Functionality"],"fullName":"VerificationResultsComponent Copy Functionality should show copied state after copying","status":"passed","title":"should show copied state after copying","duration":19.587790999999925,"failureMessages":[],"meta":{}},{"ancestorTitles":["VerificationResultsComponent","Copy Functionality"],"fullName":"VerificationResultsComponent Copy Functionality should reset copied state after timeout","status":"passed","title":"should reset copied state after timeout","duration":17.419292000000496,"failureMessages":[],"meta":{}},{"ancestorTitles":["VerificationResultsComponent","Copy Functionality"],"fullName":"VerificationResultsComponent Copy Functionality should format agreements text correctly","status":"passed","title":"should format agreements text correctly","duration":15.973167000000103,"failureMessages":[],"meta":{}},{"ancestorTitles":["VerificationResultsComponent","Helper Methods"],"fullName":"VerificationResultsComponent Helper Methods should format time correctly","status":"passed","title":"should format time correctly","duration":16.298375000000306,"failureMessages":[],"meta":{}},{"ancestorTitles":["VerificationResultsComponent","Helper Methods"],"fullName":"VerificationResultsComponent Helper Methods should format duration correctly","status":"passed","title":"should format duration correctly","duration":15.216290999999728,"failureMessages":[],"meta":{}},{"ancestorTitles":["VerificationResultsComponent","Helper Methods"],"fullName":"VerificationResultsComponent Helper Methods should format cost correctly","status":"passed","title":"should format cost correctly","duration":14.349459000000024,"failureMessages":[],"meta":{}},{"ancestorTitles":["VerificationResultsComponent","Helper Methods"],"fullName":"VerificationResultsComponent Helper Methods should get correct confidence class","status":"passed","title":"should get correct confidence class","duration":15.956624999999804,"failureMessages":[],"meta":{}},{"ancestorTitles":["VerificationResultsComponent","Helper Methods"],"fullName":"VerificationResultsComponent Helper Methods should get agreement icon based on strength","status":"passed","title":"should get agreement icon based on strength","duration":16.852207999999337,"failureMessages":[],"meta":{}},{"ancestorTitles":["VerificationResultsComponent","Helper Methods"],"fullName":"VerificationResultsComponent Helper Methods should format personality correctly","status":"passed","title":"should format personality correctly","duration":16.824750000000677,"failureMessages":[],"meta":{}},{"ancestorTitles":["VerificationResultsComponent","Actions"],"fullName":"VerificationResultsComponent Actions should trigger export when export button clicked","status":"passed","title":"should trigger export when export button clicked","duration":20.636540999999852,"failureMessages":[],"meta":{}},{"ancestorTitles":["VerificationResultsComponent","Actions"],"fullName":"VerificationResultsComponent Actions should navigate to new verification","status":"passed","title":"should navigate to new verification","duration":17.44866700000057,"failureMessages":[],"meta":{}},{"ancestorTitles":["VerificationResultsComponent","Actions"],"fullName":"VerificationResultsComponent Actions should switch tab on new verification","status":"passed","title":"should switch tab on new verification","duration":19.712666000000354,"failureMessages":[],"meta":{}},{"ancestorTitles":["VerificationResultsComponent","Metadata Display"],"fullName":"VerificationResultsComponent Metadata Display should display completion time","status":"passed","title":"should display completion time","duration":18.643457999999555,"failureMessages":[],"meta":{}},{"ancestorTitles":["VerificationResultsComponent","Metadata Display"],"fullName":"VerificationResultsComponent Metadata Display should display duration","status":"passed","title":"should display duration","duration":17.673999999999978,"failureMessages":[],"meta":{}},{"ancestorTitles":["VerificationResultsComponent","Metadata Display"],"fullName":"VerificationResultsComponent Metadata Display should display total cost","status":"passed","title":"should display total cost","duration":19.245750000000044,"failureMessages":[],"meta":{}}],"startTime":1773568643366,"endTime":1773568644215.2458,"status":"passed","message":"","name":"/Users/suas/work/orchestrat0r/claude-orchestrator/src/renderer/app/features/verification/results/verification-results.component.spec.ts"}]}